{"/Users/anthonynwosu/Desktop/BC_36-Fast-Food-Fast-/server/test/menu/addToMenu.js":{"path":"/Users/anthonynwosu/Desktop/BC_36-Fast-Food-Fast-/server/test/menu/addToMenu.js","statementMap":{"0":{"start":{"line":3,"column":12},"end":{"line":3,"column":27}},"1":{"start":{"line":5,"column":13},"end":{"line":5,"column":42}},"2":{"start":{"line":7,"column":16},"end":{"line":7,"column":36}},"3":{"start":{"line":9,"column":17},"end":{"line":9,"column":50}},"4":{"start":{"line":11,"column":10},"end":{"line":11,"column":36}},"5":{"start":{"line":13,"column":11},"end":{"line":13,"column":38}},"6":{"start":{"line":15,"column":11},"end":{"line":15,"column":31}},"7":{"start":{"line":17,"column":12},"end":{"line":17,"column":40}},"8":{"start":{"line":19,"column":39},"end":{"line":19,"column":93}},"9":{"start":{"line":21,"column":0},"end":{"line":21,"column":24}},"10":{"start":{"line":22,"column":0},"end":{"line":22,"column":39}},"11":{"start":{"line":24,"column":0},"end":{"line":303,"column":3}},"12":{"start":{"line":25,"column":24},"end":{"line":25,"column":204}},"13":{"start":{"line":27,"column":2},"end":{"line":31,"column":5}},"14":{"start":{"line":28,"column":4},"end":{"line":30,"column":7}},"15":{"start":{"line":29,"column":6},"end":{"line":29,"column":13}},"16":{"start":{"line":32,"column":2},"end":{"line":36,"column":5}},"17":{"start":{"line":33,"column":4},"end":{"line":35,"column":7}},"18":{"start":{"line":34,"column":6},"end":{"line":34,"column":13}},"19":{"start":{"line":37,"column":2},"end":{"line":41,"column":5}},"20":{"start":{"line":38,"column":4},"end":{"line":40,"column":7}},"21":{"start":{"line":39,"column":6},"end":{"line":39,"column":13}},"22":{"start":{"line":42,"column":2},"end":{"line":46,"column":5}},"23":{"start":{"line":43,"column":4},"end":{"line":45,"column":7}},"24":{"start":{"line":44,"column":6},"end":{"line":44,"column":13}},"25":{"start":{"line":47,"column":2},"end":{"line":51,"column":5}},"26":{"start":{"line":48,"column":4},"end":{"line":50,"column":7}},"27":{"start":{"line":49,"column":6},"end":{"line":49,"column":13}},"28":{"start":{"line":52,"column":2},"end":{"line":56,"column":5}},"29":{"start":{"line":53,"column":4},"end":{"line":55,"column":7}},"30":{"start":{"line":54,"column":6},"end":{"line":54,"column":13}},"31":{"start":{"line":57,"column":2},"end":{"line":302,"column":5}},"32":{"start":{"line":58,"column":4},"end":{"line":74,"column":7}},"33":{"start":{"line":59,"column":17},"end":{"line":62,"column":7}},"34":{"start":{"line":63,"column":6},"end":{"line":73,"column":9}},"35":{"start":{"line":64,"column":8},"end":{"line":64,"column":36}},"36":{"start":{"line":65,"column":8},"end":{"line":65,"column":27}},"37":{"start":{"line":66,"column":8},"end":{"line":66,"column":39}},"38":{"start":{"line":67,"column":8},"end":{"line":67,"column":48}},"39":{"start":{"line":68,"column":8},"end":{"line":68,"column":46}},"40":{"start":{"line":69,"column":8},"end":{"line":69,"column":53}},"41":{"start":{"line":70,"column":8},"end":{"line":70,"column":51}},"42":{"start":{"line":71,"column":8},"end":{"line":71,"column":66}},"43":{"start":{"line":72,"column":8},"end":{"line":72,"column":15}},"44":{"start":{"line":75,"column":4},"end":{"line":92,"column":7}},"45":{"start":{"line":76,"column":17},"end":{"line":80,"column":7}},"46":{"start":{"line":81,"column":6},"end":{"line":91,"column":9}},"47":{"start":{"line":82,"column":8},"end":{"line":82,"column":36}},"48":{"start":{"line":83,"column":8},"end":{"line":83,"column":27}},"49":{"start":{"line":84,"column":8},"end":{"line":84,"column":39}},"50":{"start":{"line":85,"column":8},"end":{"line":85,"column":48}},"51":{"start":{"line":86,"column":8},"end":{"line":86,"column":46}},"52":{"start":{"line":87,"column":8},"end":{"line":87,"column":53}},"53":{"start":{"line":88,"column":8},"end":{"line":88,"column":51}},"54":{"start":{"line":89,"column":8},"end":{"line":89,"column":66}},"55":{"start":{"line":90,"column":8},"end":{"line":90,"column":15}},"56":{"start":{"line":93,"column":4},"end":{"line":110,"column":7}},"57":{"start":{"line":94,"column":17},"end":{"line":98,"column":7}},"58":{"start":{"line":99,"column":6},"end":{"line":109,"column":9}},"59":{"start":{"line":100,"column":8},"end":{"line":100,"column":36}},"60":{"start":{"line":101,"column":8},"end":{"line":101,"column":27}},"61":{"start":{"line":102,"column":8},"end":{"line":102,"column":39}},"62":{"start":{"line":103,"column":8},"end":{"line":103,"column":48}},"63":{"start":{"line":104,"column":8},"end":{"line":104,"column":46}},"64":{"start":{"line":105,"column":8},"end":{"line":105,"column":53}},"65":{"start":{"line":106,"column":8},"end":{"line":106,"column":51}},"66":{"start":{"line":107,"column":8},"end":{"line":107,"column":85}},"67":{"start":{"line":108,"column":8},"end":{"line":108,"column":15}},"68":{"start":{"line":111,"column":4},"end":{"line":127,"column":7}},"69":{"start":{"line":112,"column":17},"end":{"line":115,"column":7}},"70":{"start":{"line":116,"column":6},"end":{"line":126,"column":9}},"71":{"start":{"line":117,"column":8},"end":{"line":117,"column":36}},"72":{"start":{"line":118,"column":8},"end":{"line":118,"column":27}},"73":{"start":{"line":119,"column":8},"end":{"line":119,"column":39}},"74":{"start":{"line":120,"column":8},"end":{"line":120,"column":48}},"75":{"start":{"line":121,"column":8},"end":{"line":121,"column":46}},"76":{"start":{"line":122,"column":8},"end":{"line":122,"column":54}},"77":{"start":{"line":123,"column":8},"end":{"line":123,"column":52}},"78":{"start":{"line":124,"column":8},"end":{"line":124,"column":68}},"79":{"start":{"line":125,"column":8},"end":{"line":125,"column":15}},"80":{"start":{"line":128,"column":4},"end":{"line":145,"column":7}},"81":{"start":{"line":129,"column":17},"end":{"line":133,"column":7}},"82":{"start":{"line":134,"column":6},"end":{"line":144,"column":9}},"83":{"start":{"line":135,"column":8},"end":{"line":135,"column":36}},"84":{"start":{"line":136,"column":8},"end":{"line":136,"column":27}},"85":{"start":{"line":137,"column":8},"end":{"line":137,"column":39}},"86":{"start":{"line":138,"column":8},"end":{"line":138,"column":48}},"87":{"start":{"line":139,"column":8},"end":{"line":139,"column":46}},"88":{"start":{"line":140,"column":8},"end":{"line":140,"column":54}},"89":{"start":{"line":141,"column":8},"end":{"line":141,"column":52}},"90":{"start":{"line":142,"column":8},"end":{"line":142,"column":68}},"91":{"start":{"line":143,"column":8},"end":{"line":143,"column":15}},"92":{"start":{"line":146,"column":4},"end":{"line":163,"column":7}},"93":{"start":{"line":147,"column":17},"end":{"line":151,"column":7}},"94":{"start":{"line":152,"column":6},"end":{"line":162,"column":9}},"95":{"start":{"line":153,"column":8},"end":{"line":153,"column":36}},"96":{"start":{"line":154,"column":8},"end":{"line":154,"column":27}},"97":{"start":{"line":155,"column":8},"end":{"line":155,"column":39}},"98":{"start":{"line":156,"column":8},"end":{"line":156,"column":48}},"99":{"start":{"line":157,"column":8},"end":{"line":157,"column":46}},"100":{"start":{"line":158,"column":8},"end":{"line":158,"column":54}},"101":{"start":{"line":159,"column":8},"end":{"line":159,"column":52}},"102":{"start":{"line":160,"column":8},"end":{"line":160,"column":71}},"103":{"start":{"line":161,"column":8},"end":{"line":161,"column":15}},"104":{"start":{"line":164,"column":4},"end":{"line":180,"column":7}},"105":{"start":{"line":165,"column":17},"end":{"line":168,"column":7}},"106":{"start":{"line":169,"column":6},"end":{"line":179,"column":9}},"107":{"start":{"line":170,"column":8},"end":{"line":170,"column":36}},"108":{"start":{"line":171,"column":8},"end":{"line":171,"column":27}},"109":{"start":{"line":172,"column":8},"end":{"line":172,"column":39}},"110":{"start":{"line":173,"column":8},"end":{"line":173,"column":48}},"111":{"start":{"line":174,"column":8},"end":{"line":174,"column":46}},"112":{"start":{"line":175,"column":8},"end":{"line":175,"column":55}},"113":{"start":{"line":176,"column":8},"end":{"line":176,"column":53}},"114":{"start":{"line":177,"column":8},"end":{"line":177,"column":67}},"115":{"start":{"line":178,"column":8},"end":{"line":178,"column":15}},"116":{"start":{"line":181,"column":4},"end":{"line":198,"column":7}},"117":{"start":{"line":182,"column":17},"end":{"line":186,"column":7}},"118":{"start":{"line":187,"column":6},"end":{"line":197,"column":9}},"119":{"start":{"line":188,"column":8},"end":{"line":188,"column":36}},"120":{"start":{"line":189,"column":8},"end":{"line":189,"column":27}},"121":{"start":{"line":190,"column":8},"end":{"line":190,"column":39}},"122":{"start":{"line":191,"column":8},"end":{"line":191,"column":48}},"123":{"start":{"line":192,"column":8},"end":{"line":192,"column":46}},"124":{"start":{"line":193,"column":8},"end":{"line":193,"column":55}},"125":{"start":{"line":194,"column":8},"end":{"line":194,"column":53}},"126":{"start":{"line":195,"column":8},"end":{"line":195,"column":67}},"127":{"start":{"line":196,"column":8},"end":{"line":196,"column":15}},"128":{"start":{"line":199,"column":4},"end":{"line":216,"column":7}},"129":{"start":{"line":200,"column":17},"end":{"line":204,"column":7}},"130":{"start":{"line":205,"column":6},"end":{"line":215,"column":9}},"131":{"start":{"line":206,"column":8},"end":{"line":206,"column":36}},"132":{"start":{"line":207,"column":8},"end":{"line":207,"column":27}},"133":{"start":{"line":208,"column":8},"end":{"line":208,"column":39}},"134":{"start":{"line":209,"column":8},"end":{"line":209,"column":48}},"135":{"start":{"line":210,"column":8},"end":{"line":210,"column":46}},"136":{"start":{"line":211,"column":8},"end":{"line":211,"column":55}},"137":{"start":{"line":212,"column":8},"end":{"line":212,"column":53}},"138":{"start":{"line":213,"column":8},"end":{"line":213,"column":77}},"139":{"start":{"line":214,"column":8},"end":{"line":214,"column":15}},"140":{"start":{"line":217,"column":4},"end":{"line":273,"column":7}},"141":{"start":{"line":218,"column":6},"end":{"line":245,"column":9}},"142":{"start":{"line":219,"column":34},"end":{"line":225,"column":9}},"143":{"start":{"line":226,"column":19},"end":{"line":230,"column":9}},"144":{"start":{"line":231,"column":8},"end":{"line":244,"column":11}},"145":{"start":{"line":232,"column":10},"end":{"line":232,"column":38}},"146":{"start":{"line":233,"column":10},"end":{"line":233,"column":49}},"147":{"start":{"line":234,"column":10},"end":{"line":243,"column":13}},"148":{"start":{"line":235,"column":12},"end":{"line":235,"column":40}},"149":{"start":{"line":236,"column":12},"end":{"line":236,"column":31}},"150":{"start":{"line":237,"column":12},"end":{"line":237,"column":43}},"151":{"start":{"line":238,"column":12},"end":{"line":238,"column":53}},"152":{"start":{"line":239,"column":12},"end":{"line":239,"column":49}},"153":{"start":{"line":240,"column":12},"end":{"line":240,"column":53}},"154":{"start":{"line":241,"column":12},"end":{"line":241,"column":61}},"155":{"start":{"line":242,"column":12},"end":{"line":242,"column":19}},"156":{"start":{"line":246,"column":6},"end":{"line":272,"column":9}},"157":{"start":{"line":247,"column":34},"end":{"line":253,"column":9}},"158":{"start":{"line":254,"column":19},"end":{"line":258,"column":9}},"159":{"start":{"line":259,"column":8},"end":{"line":271,"column":11}},"160":{"start":{"line":260,"column":10},"end":{"line":260,"column":38}},"161":{"start":{"line":261,"column":10},"end":{"line":261,"column":49}},"162":{"start":{"line":262,"column":22},"end":{"line":262,"column":43}},"163":{"start":{"line":263,"column":10},"end":{"line":270,"column":13}},"164":{"start":{"line":264,"column":12},"end":{"line":264,"column":40}},"165":{"start":{"line":265,"column":12},"end":{"line":265,"column":31}},"166":{"start":{"line":266,"column":12},"end":{"line":266,"column":43}},"167":{"start":{"line":267,"column":12},"end":{"line":267,"column":51}},"168":{"start":{"line":268,"column":12},"end":{"line":268,"column":55}},"169":{"start":{"line":269,"column":12},"end":{"line":269,"column":19}},"170":{"start":{"line":274,"column":4},"end":{"line":301,"column":7}},"171":{"start":{"line":275,"column":32},"end":{"line":281,"column":7}},"172":{"start":{"line":282,"column":17},"end":{"line":286,"column":7}},"173":{"start":{"line":287,"column":6},"end":{"line":300,"column":9}},"174":{"start":{"line":288,"column":8},"end":{"line":288,"column":36}},"175":{"start":{"line":289,"column":8},"end":{"line":289,"column":47}},"176":{"start":{"line":290,"column":20},"end":{"line":290,"column":34}},"177":{"start":{"line":292,"column":8},"end":{"line":299,"column":11}},"178":{"start":{"line":293,"column":10},"end":{"line":293,"column":38}},"179":{"start":{"line":294,"column":10},"end":{"line":294,"column":29}},"180":{"start":{"line":295,"column":10},"end":{"line":295,"column":41}},"181":{"start":{"line":296,"column":10},"end":{"line":296,"column":51}},"182":{"start":{"line":297,"column":10},"end":{"line":297,"column":87}},"183":{"start":{"line":298,"column":10},"end":{"line":298,"column":17}}},"fnMap":{"0":{"name":"_interopRequireDefault","decl":{"start":{"line":19,"column":9},"end":{"line":19,"column":31}},"loc":{"start":{"line":19,"column":37},"end":{"line":19,"column":95}},"line":19},"1":{"name":"(anonymous_1)","decl":{"start":{"line":24,"column":41},"end":{"line":24,"column":42}},"loc":{"start":{"line":24,"column":53},"end":{"line":303,"column":1}},"line":24},"2":{"name":"(anonymous_2)","decl":{"start":{"line":27,"column":13},"end":{"line":27,"column":14}},"loc":{"start":{"line":27,"column":29},"end":{"line":31,"column":3}},"line":27},"3":{"name":"(anonymous_3)","decl":{"start":{"line":28,"column":39},"end":{"line":28,"column":40}},"loc":{"start":{"line":28,"column":51},"end":{"line":30,"column":5}},"line":28},"4":{"name":"(anonymous_4)","decl":{"start":{"line":32,"column":13},"end":{"line":32,"column":14}},"loc":{"start":{"line":32,"column":29},"end":{"line":36,"column":3}},"line":32},"5":{"name":"(anonymous_5)","decl":{"start":{"line":33,"column":53},"end":{"line":33,"column":54}},"loc":{"start":{"line":33,"column":65},"end":{"line":35,"column":5}},"line":33},"6":{"name":"(anonymous_6)","decl":{"start":{"line":37,"column":13},"end":{"line":37,"column":14}},"loc":{"start":{"line":37,"column":29},"end":{"line":41,"column":3}},"line":37},"7":{"name":"(anonymous_7)","decl":{"start":{"line":38,"column":43},"end":{"line":38,"column":44}},"loc":{"start":{"line":38,"column":55},"end":{"line":40,"column":5}},"line":38},"8":{"name":"(anonymous_8)","decl":{"start":{"line":42,"column":13},"end":{"line":42,"column":14}},"loc":{"start":{"line":42,"column":29},"end":{"line":46,"column":3}},"line":42},"9":{"name":"(anonymous_9)","decl":{"start":{"line":43,"column":48},"end":{"line":43,"column":49}},"loc":{"start":{"line":43,"column":60},"end":{"line":45,"column":5}},"line":43},"10":{"name":"(anonymous_10)","decl":{"start":{"line":47,"column":13},"end":{"line":47,"column":14}},"loc":{"start":{"line":47,"column":29},"end":{"line":51,"column":3}},"line":47},"11":{"name":"(anonymous_11)","decl":{"start":{"line":48,"column":43},"end":{"line":48,"column":44}},"loc":{"start":{"line":48,"column":55},"end":{"line":50,"column":5}},"line":48},"12":{"name":"(anonymous_12)","decl":{"start":{"line":52,"column":12},"end":{"line":52,"column":13}},"loc":{"start":{"line":52,"column":28},"end":{"line":56,"column":3}},"line":52},"13":{"name":"(anonymous_13)","decl":{"start":{"line":53,"column":43},"end":{"line":53,"column":44}},"loc":{"start":{"line":53,"column":55},"end":{"line":55,"column":5}},"line":53},"14":{"name":"(anonymous_14)","decl":{"start":{"line":57,"column":32},"end":{"line":57,"column":33}},"loc":{"start":{"line":57,"column":44},"end":{"line":302,"column":3}},"line":57},"15":{"name":"(anonymous_15)","decl":{"start":{"line":58,"column":74},"end":{"line":58,"column":75}},"loc":{"start":{"line":58,"column":90},"end":{"line":74,"column":5}},"line":58},"16":{"name":"(anonymous_16)","decl":{"start":{"line":63,"column":80},"end":{"line":63,"column":81}},"loc":{"start":{"line":63,"column":100},"end":{"line":73,"column":7}},"line":63},"17":{"name":"(anonymous_17)","decl":{"start":{"line":75,"column":70},"end":{"line":75,"column":71}},"loc":{"start":{"line":75,"column":86},"end":{"line":92,"column":5}},"line":75},"18":{"name":"(anonymous_18)","decl":{"start":{"line":81,"column":80},"end":{"line":81,"column":81}},"loc":{"start":{"line":81,"column":100},"end":{"line":91,"column":7}},"line":81},"19":{"name":"(anonymous_19)","decl":{"start":{"line":93,"column":92},"end":{"line":93,"column":93}},"loc":{"start":{"line":93,"column":108},"end":{"line":110,"column":5}},"line":93},"20":{"name":"(anonymous_20)","decl":{"start":{"line":99,"column":80},"end":{"line":99,"column":81}},"loc":{"start":{"line":99,"column":100},"end":{"line":109,"column":7}},"line":99},"21":{"name":"(anonymous_21)","decl":{"start":{"line":111,"column":75},"end":{"line":111,"column":76}},"loc":{"start":{"line":111,"column":91},"end":{"line":127,"column":5}},"line":111},"22":{"name":"(anonymous_22)","decl":{"start":{"line":116,"column":80},"end":{"line":116,"column":81}},"loc":{"start":{"line":116,"column":100},"end":{"line":126,"column":7}},"line":116},"23":{"name":"(anonymous_23)","decl":{"start":{"line":128,"column":71},"end":{"line":128,"column":72}},"loc":{"start":{"line":128,"column":87},"end":{"line":145,"column":5}},"line":128},"24":{"name":"(anonymous_24)","decl":{"start":{"line":134,"column":80},"end":{"line":134,"column":81}},"loc":{"start":{"line":134,"column":100},"end":{"line":144,"column":7}},"line":134},"25":{"name":"(anonymous_25)","decl":{"start":{"line":146,"column":78},"end":{"line":146,"column":79}},"loc":{"start":{"line":146,"column":94},"end":{"line":163,"column":5}},"line":146},"26":{"name":"(anonymous_26)","decl":{"start":{"line":152,"column":80},"end":{"line":152,"column":81}},"loc":{"start":{"line":152,"column":100},"end":{"line":162,"column":7}},"line":152},"27":{"name":"(anonymous_27)","decl":{"start":{"line":164,"column":73},"end":{"line":164,"column":74}},"loc":{"start":{"line":164,"column":89},"end":{"line":180,"column":5}},"line":164},"28":{"name":"(anonymous_28)","decl":{"start":{"line":169,"column":80},"end":{"line":169,"column":81}},"loc":{"start":{"line":169,"column":100},"end":{"line":179,"column":7}},"line":169},"29":{"name":"(anonymous_29)","decl":{"start":{"line":181,"column":69},"end":{"line":181,"column":70}},"loc":{"start":{"line":181,"column":85},"end":{"line":198,"column":5}},"line":181},"30":{"name":"(anonymous_30)","decl":{"start":{"line":187,"column":80},"end":{"line":187,"column":81}},"loc":{"start":{"line":187,"column":100},"end":{"line":197,"column":7}},"line":187},"31":{"name":"(anonymous_31)","decl":{"start":{"line":199,"column":79},"end":{"line":199,"column":80}},"loc":{"start":{"line":199,"column":95},"end":{"line":216,"column":5}},"line":199},"32":{"name":"(anonymous_32)","decl":{"start":{"line":205,"column":80},"end":{"line":205,"column":81}},"loc":{"start":{"line":205,"column":100},"end":{"line":215,"column":7}},"line":205},"33":{"name":"(anonymous_33)","decl":{"start":{"line":217,"column":38},"end":{"line":217,"column":39}},"loc":{"start":{"line":217,"column":50},"end":{"line":273,"column":5}},"line":217},"34":{"name":"(anonymous_34)","decl":{"start":{"line":218,"column":63},"end":{"line":218,"column":64}},"loc":{"start":{"line":218,"column":79},"end":{"line":245,"column":7}},"line":218},"35":{"name":"(anonymous_35)","decl":{"start":{"line":231,"column":104},"end":{"line":231,"column":105}},"loc":{"start":{"line":231,"column":124},"end":{"line":244,"column":9}},"line":231},"36":{"name":"(anonymous_36)","decl":{"start":{"line":234,"column":84},"end":{"line":234,"column":85}},"loc":{"start":{"line":234,"column":104},"end":{"line":243,"column":11}},"line":234},"37":{"name":"(anonymous_37)","decl":{"start":{"line":246,"column":66},"end":{"line":246,"column":67}},"loc":{"start":{"line":246,"column":82},"end":{"line":272,"column":7}},"line":246},"38":{"name":"(anonymous_38)","decl":{"start":{"line":259,"column":104},"end":{"line":259,"column":105}},"loc":{"start":{"line":259,"column":124},"end":{"line":271,"column":9}},"line":259},"39":{"name":"(anonymous_39)","decl":{"start":{"line":263,"column":104},"end":{"line":263,"column":105}},"loc":{"start":{"line":263,"column":124},"end":{"line":270,"column":11}},"line":263},"40":{"name":"(anonymous_40)","decl":{"start":{"line":274,"column":56},"end":{"line":274,"column":57}},"loc":{"start":{"line":274,"column":72},"end":{"line":301,"column":5}},"line":274},"41":{"name":"(anonymous_41)","decl":{"start":{"line":287,"column":102},"end":{"line":287,"column":103}},"loc":{"start":{"line":287,"column":122},"end":{"line":300,"column":7}},"line":287},"42":{"name":"(anonymous_42)","decl":{"start":{"line":292,"column":102},"end":{"line":292,"column":103}},"loc":{"start":{"line":292,"column":122},"end":{"line":299,"column":9}},"line":292}},"branchMap":{"0":{"loc":{"start":{"line":19,"column":46},"end":{"line":19,"column":92}},"type":"cond-expr","locations":[{"start":{"line":19,"column":70},"end":{"line":19,"column":73}},{"start":{"line":19,"column":76},"end":{"line":19,"column":92}}],"line":19},"1":{"loc":{"start":{"line":19,"column":46},"end":{"line":19,"column":67}},"type":"binary-expr","locations":[{"start":{"line":19,"column":46},"end":{"line":19,"column":49}},{"start":{"line":19,"column":53},"end":{"line":19,"column":67}}],"line":19}},"s":{"0":1,"1":1,"2":1,"3":1,"4":1,"5":1,"6":1,"7":1,"8":4,"9":1,"10":1,"11":1,"12":1,"13":1,"14":12,"15":12,"16":1,"17":12,"18":12,"19":1,"20":12,"21":12,"22":1,"23":12,"24":12,"25":1,"26":12,"27":12,"28":1,"29":12,"30":12,"31":1,"32":1,"33":1,"34":1,"35":1,"36":1,"37":1,"38":1,"39":1,"40":1,"41":1,"42":1,"43":1,"44":1,"45":1,"46":1,"47":1,"48":1,"49":1,"50":1,"51":1,"52":1,"53":1,"54":1,"55":1,"56":1,"57":1,"58":1,"59":1,"60":1,"61":1,"62":1,"63":1,"64":1,"65":1,"66":1,"67":1,"68":1,"69":1,"70":1,"71":1,"72":1,"73":1,"74":1,"75":1,"76":1,"77":1,"78":1,"79":1,"80":1,"81":1,"82":1,"83":1,"84":1,"85":1,"86":1,"87":1,"88":1,"89":1,"90":1,"91":1,"92":1,"93":1,"94":1,"95":1,"96":1,"97":1,"98":1,"99":1,"100":1,"101":1,"102":1,"103":1,"104":1,"105":1,"106":1,"107":1,"108":1,"109":1,"110":1,"111":1,"112":1,"113":1,"114":1,"115":1,"116":1,"117":1,"118":1,"119":1,"120":1,"121":1,"122":1,"123":1,"124":1,"125":1,"126":1,"127":1,"128":1,"129":1,"130":1,"131":1,"132":1,"133":1,"134":1,"135":1,"136":1,"137":1,"138":1,"139":1,"140":1,"141":1,"142":1,"143":1,"144":1,"145":1,"146":1,"147":1,"148":1,"149":1,"150":1,"151":1,"152":1,"153":1,"154":1,"155":1,"156":1,"157":1,"158":1,"159":1,"160":1,"161":1,"162":1,"163":1,"164":1,"165":1,"166":1,"167":1,"168":1,"169":1,"170":1,"171":1,"172":1,"173":1,"174":1,"175":1,"176":1,"177":1,"178":1,"179":1,"180":1,"181":1,"182":1,"183":1},"f":{"0":4,"1":1,"2":12,"3":12,"4":12,"5":12,"6":12,"7":12,"8":12,"9":12,"10":12,"11":12,"12":12,"13":12,"14":1,"15":1,"16":1,"17":1,"18":1,"19":1,"20":1,"21":1,"22":1,"23":1,"24":1,"25":1,"26":1,"27":1,"28":1,"29":1,"30":1,"31":1,"32":1,"33":1,"34":1,"35":1,"36":1,"37":1,"38":1,"39":1,"40":1,"41":1,"42":1},"b":{"0":[2,2],"1":[4,4]},"_coverageSchema":"43e27e138ebf9cfc5966b082cf9a028302ed4184","hash":"1da29ffa1572b3b9bda19e94dfc406ce755308e1","contentHash":"5fe2b23107e0ca8e0141c556aaaf1302"},"/Users/anthonynwosu/Desktop/BC_36-Fast-Food-Fast-/server/models/db.js":{"path":"/Users/anthonynwosu/Desktop/BC_36-Fast-Food-Fast-/server/models/db.js","statementMap":{"0":{"start":{"line":3,"column":0},"end":{"line":5,"column":3}},"1":{"start":{"line":7,"column":14},"end":{"line":7,"column":31}},"2":{"start":{"line":9,"column":15},"end":{"line":9,"column":46}},"3":{"start":{"line":11,"column":10},"end":{"line":11,"column":23}},"4":{"start":{"line":13,"column":39},"end":{"line":13,"column":93}},"5":{"start":{"line":15,"column":0},"end":{"line":15,"column":26}},"6":{"start":{"line":17,"column":11},"end":{"line":17,"column":71}},"7":{"start":{"line":19,"column":9},"end":{"line":21,"column":1}},"8":{"start":{"line":20,"column":2},"end":{"line":20,"column":44}},"9":{"start":{"line":22,"column":0},"end":{"line":22,"column":21}}},"fnMap":{"0":{"name":"_interopRequireDefault","decl":{"start":{"line":13,"column":9},"end":{"line":13,"column":31}},"loc":{"start":{"line":13,"column":37},"end":{"line":13,"column":95}},"line":13},"1":{"name":"db","decl":{"start":{"line":19,"column":18},"end":{"line":19,"column":20}},"loc":{"start":{"line":19,"column":45},"end":{"line":21,"column":1}},"line":19}},"branchMap":{"0":{"loc":{"start":{"line":13,"column":46},"end":{"line":13,"column":92}},"type":"cond-expr","locations":[{"start":{"line":13,"column":70},"end":{"line":13,"column":73}},{"start":{"line":13,"column":76},"end":{"line":13,"column":92}}],"line":13},"1":{"loc":{"start":{"line":13,"column":46},"end":{"line":13,"column":67}},"type":"binary-expr","locations":[{"start":{"line":13,"column":46},"end":{"line":13,"column":49}},{"start":{"line":13,"column":53},"end":{"line":13,"column":67}}],"line":13}},"s":{"0":1,"1":1,"2":1,"3":1,"4":1,"5":1,"6":1,"7":1,"8":313,"9":1},"f":{"0":1,"1":313},"b":{"0":[0,1],"1":[1,1]},"_coverageSchema":"43e27e138ebf9cfc5966b082cf9a028302ed4184","hash":"9ed04d42c00bacdb2dd257a095cb35fb19d1f384","contentHash":"73608097ec877b45242f712a58f0eadb"},"/Users/anthonynwosu/Desktop/BC_36-Fast-Food-Fast-/server/app.js":{"path":"/Users/anthonynwosu/Desktop/BC_36-Fast-Food-Fast-/server/app.js","statementMap":{"0":{"start":{"line":3,"column":0},"end":{"line":5,"column":3}},"1":{"start":{"line":7,"column":15},"end":{"line":7,"column":33}},"2":{"start":{"line":9,"column":16},"end":{"line":9,"column":48}},"3":{"start":{"line":11,"column":12},"end":{"line":11,"column":27}},"4":{"start":{"line":13,"column":13},"end":{"line":13,"column":42}},"5":{"start":{"line":15,"column":18},"end":{"line":15,"column":40}},"6":{"start":{"line":17,"column":19},"end":{"line":17,"column":54}},"7":{"start":{"line":19,"column":14},"end":{"line":19,"column":31}},"8":{"start":{"line":21,"column":15},"end":{"line":21,"column":46}},"9":{"start":{"line":23,"column":12},"end":{"line":23,"column":27}},"10":{"start":{"line":25,"column":13},"end":{"line":25,"column":42}},"11":{"start":{"line":27,"column":24},"end":{"line":27,"column":53}},"12":{"start":{"line":29,"column":25},"end":{"line":29,"column":66}},"13":{"start":{"line":31,"column":15},"end":{"line":31,"column":41}},"14":{"start":{"line":33,"column":16},"end":{"line":33,"column":48}},"15":{"start":{"line":35,"column":19},"end":{"line":35,"column":50}},"16":{"start":{"line":37,"column":20},"end":{"line":37,"column":56}},"17":{"start":{"line":39,"column":18},"end":{"line":39,"column":48}},"18":{"start":{"line":41,"column":19},"end":{"line":41,"column":54}},"19":{"start":{"line":43,"column":18},"end":{"line":43,"column":48}},"20":{"start":{"line":45,"column":19},"end":{"line":45,"column":54}},"21":{"start":{"line":47,"column":18},"end":{"line":47,"column":48}},"22":{"start":{"line":49,"column":19},"end":{"line":49,"column":54}},"23":{"start":{"line":51,"column":18},"end":{"line":51,"column":48}},"24":{"start":{"line":53,"column":19},"end":{"line":53,"column":54}},"25":{"start":{"line":55,"column":39},"end":{"line":55,"column":93}},"26":{"start":{"line":57,"column":10},"end":{"line":57,"column":34}},"27":{"start":{"line":59,"column":0},"end":{"line":64,"column":3}},"28":{"start":{"line":60,"column":2},"end":{"line":60,"column":49}},"29":{"start":{"line":61,"column":2},"end":{"line":61,"column":80}},"30":{"start":{"line":62,"column":2},"end":{"line":62,"column":61}},"31":{"start":{"line":63,"column":2},"end":{"line":63,"column":9}},"32":{"start":{"line":66,"column":0},"end":{"line":66,"column":37}},"33":{"start":{"line":67,"column":0},"end":{"line":67,"column":61}},"34":{"start":{"line":68,"column":0},"end":{"line":68,"column":31}},"35":{"start":{"line":69,"column":0},"end":{"line":69,"column":38}},"36":{"start":{"line":71,"column":0},"end":{"line":71,"column":49}},"37":{"start":{"line":72,"column":0},"end":{"line":72,"column":46}},"38":{"start":{"line":73,"column":0},"end":{"line":73,"column":46}},"39":{"start":{"line":74,"column":0},"end":{"line":74,"column":47}},"40":{"start":{"line":75,"column":0},"end":{"line":75,"column":46}},"41":{"start":{"line":76,"column":0},"end":{"line":76,"column":108}},"42":{"start":{"line":77,"column":0},"end":{"line":77,"column":56}},"43":{"start":{"line":79,"column":0},"end":{"line":81,"column":3}},"44":{"start":{"line":80,"column":2},"end":{"line":80,"column":78}},"45":{"start":{"line":83,"column":0},"end":{"line":87,"column":3}},"46":{"start":{"line":84,"column":2},"end":{"line":86,"column":5}},"47":{"start":{"line":89,"column":0},"end":{"line":91,"column":3}},"48":{"start":{"line":90,"column":2},"end":{"line":90,"column":61}},"49":{"start":{"line":93,"column":11},"end":{"line":93,"column":35}},"50":{"start":{"line":94,"column":0},"end":{"line":94,"column":22}},"51":{"start":{"line":95,"column":13},"end":{"line":97,"column":2}},"52":{"start":{"line":96,"column":2},"end":{"line":96,"column":62}},"53":{"start":{"line":99,"column":0},"end":{"line":99,"column":25}}},"fnMap":{"0":{"name":"_interopRequireDefault","decl":{"start":{"line":55,"column":9},"end":{"line":55,"column":31}},"loc":{"start":{"line":55,"column":37},"end":{"line":55,"column":95}},"line":55},"1":{"name":"(anonymous_1)","decl":{"start":{"line":59,"column":13},"end":{"line":59,"column":14}},"loc":{"start":{"line":59,"column":39},"end":{"line":64,"column":1}},"line":59},"2":{"name":"(anonymous_2)","decl":{"start":{"line":79,"column":13},"end":{"line":79,"column":14}},"loc":{"start":{"line":79,"column":33},"end":{"line":81,"column":1}},"line":79},"3":{"name":"(anonymous_3)","decl":{"start":{"line":83,"column":8},"end":{"line":83,"column":9}},"loc":{"start":{"line":83,"column":28},"end":{"line":87,"column":1}},"line":83},"4":{"name":"(anonymous_4)","decl":{"start":{"line":89,"column":8},"end":{"line":89,"column":9}},"loc":{"start":{"line":89,"column":28},"end":{"line":91,"column":1}},"line":89},"5":{"name":"(anonymous_5)","decl":{"start":{"line":95,"column":41},"end":{"line":95,"column":42}},"loc":{"start":{"line":95,"column":53},"end":{"line":97,"column":1}},"line":95}},"branchMap":{"0":{"loc":{"start":{"line":55,"column":46},"end":{"line":55,"column":92}},"type":"cond-expr","locations":[{"start":{"line":55,"column":70},"end":{"line":55,"column":73}},{"start":{"line":55,"column":76},"end":{"line":55,"column":92}}],"line":55},"1":{"loc":{"start":{"line":55,"column":46},"end":{"line":55,"column":67}},"type":"binary-expr","locations":[{"start":{"line":55,"column":46},"end":{"line":55,"column":49}},{"start":{"line":55,"column":53},"end":{"line":55,"column":67}}],"line":55},"2":{"loc":{"start":{"line":93,"column":11},"end":{"line":93,"column":35}},"type":"binary-expr","locations":[{"start":{"line":93,"column":11},"end":{"line":93,"column":27}},{"start":{"line":93,"column":31},"end":{"line":93,"column":35}}],"line":93}},"s":{"0":1,"1":1,"2":1,"3":1,"4":1,"5":1,"6":1,"7":1,"8":1,"9":1,"10":1,"11":1,"12":1,"13":1,"14":1,"15":1,"16":1,"17":1,"18":1,"19":1,"20":1,"21":1,"22":1,"23":1,"24":1,"25":12,"26":1,"27":1,"28":106,"29":106,"30":106,"31":106,"32":1,"33":1,"34":1,"35":1,"36":1,"37":1,"38":1,"39":1,"40":1,"41":1,"42":1,"43":1,"44":0,"45":1,"46":1,"47":1,"48":0,"49":1,"50":1,"51":1,"52":1,"53":1},"f":{"0":12,"1":106,"2":0,"3":1,"4":0,"5":1},"b":{"0":[5,7],"1":[12,12],"2":[1,1]},"_coverageSchema":"43e27e138ebf9cfc5966b082cf9a028302ed4184","hash":"94f70386d26bc2d4bc6925873c67e7cab5af6530","contentHash":"2ac48a00b3d8ad8c3c0b5d99126e2229"},"/Users/anthonynwosu/Desktop/BC_36-Fast-Food-Fast-/server/routes/orderRoutes.js":{"path":"/Users/anthonynwosu/Desktop/BC_36-Fast-Food-Fast-/server/routes/orderRoutes.js","statementMap":{"0":{"start":{"line":3,"column":0},"end":{"line":5,"column":3}},"1":{"start":{"line":7,"column":15},"end":{"line":7,"column":33}},"2":{"start":{"line":9,"column":16},"end":{"line":9,"column":48}},"3":{"start":{"line":11,"column":18},"end":{"line":11,"column":70}},"4":{"start":{"line":13,"column":19},"end":{"line":13,"column":54}},"5":{"start":{"line":15,"column":27},"end":{"line":15,"column":71}},"6":{"start":{"line":17,"column":28},"end":{"line":17,"column":72}},"7":{"start":{"line":19,"column":25},"end":{"line":19,"column":67}},"8":{"start":{"line":21,"column":26},"end":{"line":21,"column":68}},"9":{"start":{"line":23,"column":21},"end":{"line":23,"column":59}},"10":{"start":{"line":25,"column":22},"end":{"line":25,"column":60}},"11":{"start":{"line":27,"column":20},"end":{"line":27,"column":74}},"12":{"start":{"line":29,"column":21},"end":{"line":29,"column":58}},"13":{"start":{"line":31,"column":22},"end":{"line":31,"column":78}},"14":{"start":{"line":33,"column":23},"end":{"line":33,"column":62}},"15":{"start":{"line":35,"column":19},"end":{"line":35,"column":55}},"16":{"start":{"line":37,"column":20},"end":{"line":37,"column":56}},"17":{"start":{"line":39,"column":25},"end":{"line":39,"column":84}},"18":{"start":{"line":41,"column":26},"end":{"line":41,"column":68}},"19":{"start":{"line":43,"column":28},"end":{"line":43,"column":73}},"20":{"start":{"line":45,"column":29},"end":{"line":45,"column":74}},"21":{"start":{"line":47,"column":21},"end":{"line":47,"column":59}},"22":{"start":{"line":49,"column":22},"end":{"line":49,"column":60}},"23":{"start":{"line":51,"column":39},"end":{"line":51,"column":93}},"24":{"start":{"line":53,"column":13},"end":{"line":53,"column":39}},"25":{"start":{"line":55,"column":0},"end":{"line":55,"column":135}},"26":{"start":{"line":57,"column":0},"end":{"line":57,"column":130}},"27":{"start":{"line":59,"column":0},"end":{"line":59,"column":200}},"28":{"start":{"line":61,"column":0},"end":{"line":61,"column":162}},"29":{"start":{"line":63,"column":0},"end":{"line":63,"column":25}}},"fnMap":{"0":{"name":"_interopRequireDefault","decl":{"start":{"line":51,"column":9},"end":{"line":51,"column":31}},"loc":{"start":{"line":51,"column":37},"end":{"line":51,"column":95}},"line":51}},"branchMap":{"0":{"loc":{"start":{"line":51,"column":46},"end":{"line":51,"column":92}},"type":"cond-expr","locations":[{"start":{"line":51,"column":70},"end":{"line":51,"column":73}},{"start":{"line":51,"column":76},"end":{"line":51,"column":92}}],"line":51},"1":{"loc":{"start":{"line":51,"column":46},"end":{"line":51,"column":67}},"type":"binary-expr","locations":[{"start":{"line":51,"column":46},"end":{"line":51,"column":49}},{"start":{"line":51,"column":53},"end":{"line":51,"column":67}}],"line":51}},"s":{"0":1,"1":1,"2":1,"3":1,"4":1,"5":1,"6":1,"7":1,"8":1,"9":1,"10":1,"11":1,"12":1,"13":1,"14":1,"15":1,"16":1,"17":1,"18":1,"19":1,"20":1,"21":1,"22":1,"23":11,"24":1,"25":1,"26":1,"27":1,"28":1,"29":1},"f":{"0":11},"b":{"0":[10,1],"1":[11,11]},"_coverageSchema":"43e27e138ebf9cfc5966b082cf9a028302ed4184","hash":"2c3bde16ffeccae4c1c401dc73c4a7950cad9144","contentHash":"5947a137d27868015effdf0f8bc93a62"},"/Users/anthonynwosu/Desktop/BC_36-Fast-Food-Fast-/server/controllers/orderController/PlaceOrder.js":{"path":"/Users/anthonynwosu/Desktop/BC_36-Fast-Food-Fast-/server/controllers/orderController/PlaceOrder.js","statementMap":{"0":{"start":{"line":3,"column":0},"end":{"line":5,"column":3}},"1":{"start":{"line":7,"column":19},"end":{"line":7,"column":563}},"2":{"start":{"line":7,"column":76},"end":{"line":7,"column":347}},"3":{"start":{"line":7,"column":134},"end":{"line":7,"column":142}},"4":{"start":{"line":7,"column":144},"end":{"line":7,"column":199}},"5":{"start":{"line":7,"column":200},"end":{"line":7,"column":231}},"6":{"start":{"line":7,"column":232},"end":{"line":7,"column":286}},"7":{"start":{"line":7,"column":259},"end":{"line":7,"column":286}},"8":{"start":{"line":7,"column":287},"end":{"line":7,"column":345}},"9":{"start":{"line":7,"column":350},"end":{"line":7,"column":559}},"10":{"start":{"line":7,"column":407},"end":{"line":7,"column":475}},"11":{"start":{"line":7,"column":423},"end":{"line":7,"column":475}},"12":{"start":{"line":7,"column":476},"end":{"line":7,"column":536}},"13":{"start":{"line":7,"column":493},"end":{"line":7,"column":536}},"14":{"start":{"line":7,"column":537},"end":{"line":7,"column":556}},"15":{"start":{"line":9,"column":10},"end":{"line":9,"column":36}},"16":{"start":{"line":11,"column":11},"end":{"line":11,"column":38}},"17":{"start":{"line":13,"column":39},"end":{"line":13,"column":93}},"18":{"start":{"line":15,"column":50},"end":{"line":15,"column":151}},"19":{"start":{"line":15,"column":92},"end":{"line":15,"column":149}},"20":{"start":{"line":20,"column":22},"end":{"line":83,"column":3}},"21":{"start":{"line":22,"column":4},"end":{"line":22,"column":43}},"22":{"start":{"line":25,"column":2},"end":{"line":80,"column":6}},"23":{"start":{"line":37,"column":19},"end":{"line":37,"column":37}},"24":{"start":{"line":40,"column":23},"end":{"line":40,"column":81}},"25":{"start":{"line":41,"column":25},"end":{"line":41,"column":40}},"26":{"start":{"line":43,"column":6},"end":{"line":78,"column":9}},"27":{"start":{"line":44,"column":8},"end":{"line":50,"column":9}},"28":{"start":{"line":45,"column":10},"end":{"line":49,"column":13}},"29":{"start":{"line":51,"column":25},"end":{"line":51,"column":122}},"30":{"start":{"line":53,"column":26},"end":{"line":53,"column":51}},"31":{"start":{"line":55,"column":8},"end":{"line":77,"column":11}},"32":{"start":{"line":56,"column":27},"end":{"line":56,"column":132}},"33":{"start":{"line":57,"column":29},"end":{"line":57,"column":52}},"34":{"start":{"line":58,"column":10},"end":{"line":74,"column":13}},"35":{"start":{"line":59,"column":12},"end":{"line":61,"column":13}},"36":{"start":{"line":60,"column":14},"end":{"line":60,"column":80}},"37":{"start":{"line":62,"column":33},"end":{"line":62,"column":97}},"38":{"start":{"line":63,"column":35},"end":{"line":63,"column":84}},"39":{"start":{"line":64,"column":12},"end":{"line":73,"column":15}},"40":{"start":{"line":65,"column":14},"end":{"line":67,"column":15}},"41":{"start":{"line":66,"column":16},"end":{"line":66,"column":82}},"42":{"start":{"line":68,"column":14},"end":{"line":72,"column":17}},"43":{"start":{"line":76,"column":10},"end":{"line":76,"column":69}},"44":{"start":{"line":82,"column":2},"end":{"line":82,"column":25}},"45":{"start":{"line":85,"column":0},"end":{"line":85,"column":34}}},"fnMap":{"0":{"name":"(anonymous_0)","decl":{"start":{"line":7,"column":19},"end":{"line":7,"column":20}},"loc":{"start":{"line":7,"column":31},"end":{"line":7,"column":561}},"line":7},"1":{"name":"defineProperties","decl":{"start":{"line":7,"column":42},"end":{"line":7,"column":58}},"loc":{"start":{"line":7,"column":74},"end":{"line":7,"column":349}},"line":7},"2":{"name":"(anonymous_2)","decl":{"start":{"line":7,"column":357},"end":{"line":7,"column":358}},"loc":{"start":{"line":7,"column":405},"end":{"line":7,"column":558}},"line":7},"3":{"name":"_interopRequireDefault","decl":{"start":{"line":13,"column":9},"end":{"line":13,"column":31}},"loc":{"start":{"line":13,"column":37},"end":{"line":13,"column":95}},"line":13},"4":{"name":"_classCallCheck","decl":{"start":{"line":15,"column":9},"end":{"line":15,"column":24}},"loc":{"start":{"line":15,"column":48},"end":{"line":15,"column":153}},"line":15},"5":{"name":"(anonymous_5)","decl":{"start":{"line":20,"column":22},"end":{"line":20,"column":23}},"loc":{"start":{"line":20,"column":34},"end":{"line":83,"column":1}},"line":20},"6":{"name":"OrderController","decl":{"start":{"line":21,"column":11},"end":{"line":21,"column":26}},"loc":{"start":{"line":21,"column":29},"end":{"line":23,"column":3}},"line":21},"7":{"name":"placeOrder","decl":{"start":{"line":36,"column":20},"end":{"line":36,"column":30}},"loc":{"start":{"line":36,"column":41},"end":{"line":79,"column":5}},"line":36},"8":{"name":"(anonymous_8)","decl":{"start":{"line":43,"column":55},"end":{"line":43,"column":56}},"loc":{"start":{"line":43,"column":71},"end":{"line":78,"column":7}},"line":43},"9":{"name":"(anonymous_9)","decl":{"start":{"line":55,"column":56},"end":{"line":55,"column":57}},"loc":{"start":{"line":55,"column":68},"end":{"line":75,"column":9}},"line":55},"10":{"name":"(anonymous_10)","decl":{"start":{"line":58,"column":54},"end":{"line":58,"column":55}},"loc":{"start":{"line":58,"column":69},"end":{"line":74,"column":11}},"line":58},"11":{"name":"(anonymous_11)","decl":{"start":{"line":64,"column":64},"end":{"line":64,"column":65}},"loc":{"start":{"line":64,"column":79},"end":{"line":73,"column":13}},"line":64},"12":{"name":"(anonymous_12)","decl":{"start":{"line":75,"column":17},"end":{"line":75,"column":18}},"loc":{"start":{"line":75,"column":32},"end":{"line":77,"column":9}},"line":75}},"branchMap":{"0":{"loc":{"start":{"line":7,"column":168},"end":{"line":7,"column":198}},"type":"binary-expr","locations":[{"start":{"line":7,"column":168},"end":{"line":7,"column":189}},{"start":{"line":7,"column":193},"end":{"line":7,"column":198}}],"line":7},"1":{"loc":{"start":{"line":7,"column":232},"end":{"line":7,"column":286}},"type":"if","locations":[{"start":{"line":7,"column":232},"end":{"line":7,"column":286}},{"start":{"line":7,"column":232},"end":{"line":7,"column":286}}],"line":7},"2":{"loc":{"start":{"line":7,"column":407},"end":{"line":7,"column":475}},"type":"if","locations":[{"start":{"line":7,"column":407},"end":{"line":7,"column":475}},{"start":{"line":7,"column":407},"end":{"line":7,"column":475}}],"line":7},"3":{"loc":{"start":{"line":7,"column":476},"end":{"line":7,"column":536}},"type":"if","locations":[{"start":{"line":7,"column":476},"end":{"line":7,"column":536}},{"start":{"line":7,"column":476},"end":{"line":7,"column":536}}],"line":7},"4":{"loc":{"start":{"line":13,"column":46},"end":{"line":13,"column":92}},"type":"cond-expr","locations":[{"start":{"line":13,"column":70},"end":{"line":13,"column":73}},{"start":{"line":13,"column":76},"end":{"line":13,"column":92}}],"line":13},"5":{"loc":{"start":{"line":13,"column":46},"end":{"line":13,"column":67}},"type":"binary-expr","locations":[{"start":{"line":13,"column":46},"end":{"line":13,"column":49}},{"start":{"line":13,"column":53},"end":{"line":13,"column":67}}],"line":13},"6":{"loc":{"start":{"line":15,"column":50},"end":{"line":15,"column":151}},"type":"if","locations":[{"start":{"line":15,"column":50},"end":{"line":15,"column":151}},{"start":{"line":15,"column":50},"end":{"line":15,"column":151}}],"line":15},"7":{"loc":{"start":{"line":44,"column":8},"end":{"line":50,"column":9}},"type":"if","locations":[{"start":{"line":44,"column":8},"end":{"line":50,"column":9}},{"start":{"line":44,"column":8},"end":{"line":50,"column":9}}],"line":44},"8":{"loc":{"start":{"line":44,"column":12},"end":{"line":44,"column":66}},"type":"binary-expr","locations":[{"start":{"line":44,"column":12},"end":{"line":44,"column":29}},{"start":{"line":44,"column":33},"end":{"line":44,"column":66}}],"line":44},"9":{"loc":{"start":{"line":59,"column":12},"end":{"line":61,"column":13}},"type":"if","locations":[{"start":{"line":59,"column":12},"end":{"line":61,"column":13}},{"start":{"line":59,"column":12},"end":{"line":61,"column":13}}],"line":59},"10":{"loc":{"start":{"line":65,"column":14},"end":{"line":67,"column":15}},"type":"if","locations":[{"start":{"line":65,"column":14},"end":{"line":67,"column":15}},{"start":{"line":65,"column":14},"end":{"line":67,"column":15}}],"line":65}},"s":{"0":1,"1":1,"2":1,"3":1,"4":1,"5":1,"6":1,"7":1,"8":1,"9":1,"10":1,"11":0,"12":1,"13":1,"14":1,"15":1,"16":1,"17":1,"18":0,"19":0,"20":1,"21":0,"22":1,"23":1,"24":1,"25":1,"26":1,"27":1,"28":1,"29":0,"30":0,"31":0,"32":0,"33":0,"34":0,"35":0,"36":0,"37":0,"38":0,"39":0,"40":0,"41":0,"42":0,"43":0,"44":1,"45":1},"f":{"0":1,"1":1,"2":1,"3":1,"4":0,"5":1,"6":0,"7":1,"8":1,"9":0,"10":0,"11":0,"12":0},"b":{"0":[1,1],"1":[1,0],"2":[0,1],"3":[1,0],"4":[1,0],"5":[1,1],"6":[0,0],"7":[1,0],"8":[1,0],"9":[0,0],"10":[0,0]},"_coverageSchema":"43e27e138ebf9cfc5966b082cf9a028302ed4184","hash":"1f78f93d7a715d6f8edb943a0c7eadd3f339380f","contentHash":"91f7537059597057ec6ab507f215c4ed"},"/Users/anthonynwosu/Desktop/BC_36-Fast-Food-Fast-/server/middleware/placeOrderValidator.js":{"path":"/Users/anthonynwosu/Desktop/BC_36-Fast-Food-Fast-/server/middleware/placeOrderValidator.js","statementMap":{"0":{"start":{"line":3,"column":0},"end":{"line":5,"column":3}},"1":{"start":{"line":7,"column":17},"end":{"line":7,"column":47}},"2":{"start":{"line":9,"column":18},"end":{"line":9,"column":52}},"3":{"start":{"line":11,"column":39},"end":{"line":11,"column":93}},"4":{"start":{"line":17,"column":26},"end":{"line":46,"column":1}},"5":{"start":{"line":29,"column":15},"end":{"line":29,"column":17}},"6":{"start":{"line":31,"column":16},"end":{"line":31,"column":61}},"7":{"start":{"line":32,"column":21},"end":{"line":32,"column":71}},"8":{"start":{"line":34,"column":2},"end":{"line":36,"column":3}},"9":{"start":{"line":35,"column":4},"end":{"line":35,"column":43}},"10":{"start":{"line":38,"column":2},"end":{"line":40,"column":3}},"11":{"start":{"line":39,"column":4},"end":{"line":39,"column":59}},"12":{"start":{"line":42,"column":2},"end":{"line":44,"column":3}},"13":{"start":{"line":43,"column":4},"end":{"line":43,"column":81}},"14":{"start":{"line":45,"column":2},"end":{"line":45,"column":9}},"15":{"start":{"line":48,"column":0},"end":{"line":48,"column":38}}},"fnMap":{"0":{"name":"_interopRequireDefault","decl":{"start":{"line":11,"column":9},"end":{"line":11,"column":31}},"loc":{"start":{"line":11,"column":37},"end":{"line":11,"column":95}},"line":11},"1":{"name":"placeOrderValidator","decl":{"start":{"line":17,"column":35},"end":{"line":17,"column":54}},"loc":{"start":{"line":17,"column":71},"end":{"line":46,"column":1}},"line":17}},"branchMap":{"0":{"loc":{"start":{"line":11,"column":46},"end":{"line":11,"column":92}},"type":"cond-expr","locations":[{"start":{"line":11,"column":70},"end":{"line":11,"column":73}},{"start":{"line":11,"column":76},"end":{"line":11,"column":92}}],"line":11},"1":{"loc":{"start":{"line":11,"column":46},"end":{"line":11,"column":67}},"type":"binary-expr","locations":[{"start":{"line":11,"column":46},"end":{"line":11,"column":49}},{"start":{"line":11,"column":53},"end":{"line":11,"column":67}}],"line":11},"2":{"loc":{"start":{"line":34,"column":2},"end":{"line":36,"column":3}},"type":"if","locations":[{"start":{"line":34,"column":2},"end":{"line":36,"column":3}},{"start":{"line":34,"column":2},"end":{"line":36,"column":3}}],"line":34},"3":{"loc":{"start":{"line":38,"column":2},"end":{"line":40,"column":3}},"type":"if","locations":[{"start":{"line":38,"column":2},"end":{"line":40,"column":3}},{"start":{"line":38,"column":2},"end":{"line":40,"column":3}}],"line":38},"4":{"loc":{"start":{"line":38,"column":6},"end":{"line":38,"column":52}},"type":"binary-expr","locations":[{"start":{"line":38,"column":6},"end":{"line":38,"column":18}},{"start":{"line":38,"column":22},"end":{"line":38,"column":52}}],"line":38},"5":{"loc":{"start":{"line":42,"column":2},"end":{"line":44,"column":3}},"type":"if","locations":[{"start":{"line":42,"column":2},"end":{"line":44,"column":3}},{"start":{"line":42,"column":2},"end":{"line":44,"column":3}}],"line":42}},"s":{"0":1,"1":1,"2":1,"3":1,"4":1,"5":6,"6":6,"7":6,"8":6,"9":2,"10":6,"11":3,"12":6,"13":5,"14":1,"15":1},"f":{"0":1,"1":6},"b":{"0":[1,0],"1":[1,1],"2":[2,4],"3":[3,3],"4":[6,4],"5":[5,1]},"_coverageSchema":"43e27e138ebf9cfc5966b082cf9a028302ed4184","hash":"78b836c262dc0147f7e819d5f279c9a96969b01d","contentHash":"6d285ba40a8145020df67fda958c6a92"},"/Users/anthonynwosu/Desktop/BC_36-Fast-Food-Fast-/server/helper/trimField.js":{"path":"/Users/anthonynwosu/Desktop/BC_36-Fast-Food-Fast-/server/helper/trimField.js","statementMap":{"0":{"start":{"line":3,"column":0},"end":{"line":5,"column":3}},"1":{"start":{"line":10,"column":16},"end":{"line":25,"column":1}},"2":{"start":{"line":20,"column":2},"end":{"line":22,"column":3}},"3":{"start":{"line":21,"column":4},"end":{"line":21,"column":14}},"4":{"start":{"line":23,"column":2},"end":{"line":23,"column":45}},"5":{"start":{"line":24,"column":2},"end":{"line":24,"column":26}},"6":{"start":{"line":27,"column":0},"end":{"line":27,"column":28}}},"fnMap":{"0":{"name":"trimField","decl":{"start":{"line":10,"column":25},"end":{"line":10,"column":34}},"loc":{"start":{"line":10,"column":53},"end":{"line":25,"column":1}},"line":10}},"branchMap":{"0":{"loc":{"start":{"line":20,"column":2},"end":{"line":22,"column":3}},"type":"if","locations":[{"start":{"line":20,"column":2},"end":{"line":22,"column":3}},{"start":{"line":20,"column":2},"end":{"line":22,"column":3}}],"line":20}},"s":{"0":1,"1":1,"2":149,"3":8,"4":141,"5":141,"6":1},"f":{"0":149},"b":{"0":[8,141]},"_coverageSchema":"43e27e138ebf9cfc5966b082cf9a028302ed4184","hash":"df4dd8424f43a192b999d8b41599ad1863250fed","contentHash":"c3834364e094c5caf77119bfadef04cc"},"/Users/anthonynwosu/Desktop/BC_36-Fast-Food-Fast-/server/middleware/authenticateToken.js":{"path":"/Users/anthonynwosu/Desktop/BC_36-Fast-Food-Fast-/server/middleware/authenticateToken.js","statementMap":{"0":{"start":{"line":3,"column":0},"end":{"line":5,"column":3}},"1":{"start":{"line":7,"column":20},"end":{"line":7,"column":43}},"2":{"start":{"line":9,"column":21},"end":{"line":9,"column":58}},"3":{"start":{"line":11,"column":39},"end":{"line":11,"column":93}},"4":{"start":{"line":17,"column":24},"end":{"line":50,"column":1}},"5":{"start":{"line":28,"column":14},"end":{"line":28,"column":31}},"6":{"start":{"line":30,"column":2},"end":{"line":49,"column":3}},"7":{"start":{"line":31,"column":4},"end":{"line":42,"column":7}},"8":{"start":{"line":32,"column":6},"end":{"line":41,"column":7}},"9":{"start":{"line":33,"column":8},"end":{"line":37,"column":11}},"10":{"start":{"line":39,"column":8},"end":{"line":39,"column":30}},"11":{"start":{"line":40,"column":8},"end":{"line":40,"column":15}},"12":{"start":{"line":44,"column":4},"end":{"line":48,"column":7}},"13":{"start":{"line":52,"column":0},"end":{"line":52,"column":36}}},"fnMap":{"0":{"name":"_interopRequireDefault","decl":{"start":{"line":11,"column":9},"end":{"line":11,"column":31}},"loc":{"start":{"line":11,"column":37},"end":{"line":11,"column":95}},"line":11},"1":{"name":"authenticateToken","decl":{"start":{"line":17,"column":33},"end":{"line":17,"column":50}},"loc":{"start":{"line":17,"column":67},"end":{"line":50,"column":1}},"line":17},"2":{"name":"(anonymous_2)","decl":{"start":{"line":31,"column":65},"end":{"line":31,"column":66}},"loc":{"start":{"line":31,"column":89},"end":{"line":42,"column":5}},"line":31}},"branchMap":{"0":{"loc":{"start":{"line":11,"column":46},"end":{"line":11,"column":92}},"type":"cond-expr","locations":[{"start":{"line":11,"column":70},"end":{"line":11,"column":73}},{"start":{"line":11,"column":76},"end":{"line":11,"column":92}}],"line":11},"1":{"loc":{"start":{"line":11,"column":46},"end":{"line":11,"column":67}},"type":"binary-expr","locations":[{"start":{"line":11,"column":46},"end":{"line":11,"column":49}},{"start":{"line":11,"column":53},"end":{"line":11,"column":67}}],"line":11},"2":{"loc":{"start":{"line":30,"column":2},"end":{"line":49,"column":3}},"type":"if","locations":[{"start":{"line":30,"column":2},"end":{"line":49,"column":3}},{"start":{"line":30,"column":2},"end":{"line":49,"column":3}}],"line":30},"3":{"loc":{"start":{"line":32,"column":6},"end":{"line":41,"column":7}},"type":"if","locations":[{"start":{"line":32,"column":6},"end":{"line":41,"column":7}},{"start":{"line":32,"column":6},"end":{"line":41,"column":7}}],"line":32}},"s":{"0":1,"1":1,"2":1,"3":1,"4":1,"5":20,"6":20,"7":13,"8":13,"9":7,"10":6,"11":6,"12":7,"13":1},"f":{"0":1,"1":20,"2":13},"b":{"0":[0,1],"1":[1,1],"2":[13,7],"3":[7,6]},"_coverageSchema":"43e27e138ebf9cfc5966b082cf9a028302ed4184","hash":"282a4928f0c2ce36948e84db4e752bf5de4ed9c8","contentHash":"30ef1b51064dd74c2e959e94a8d523b4"},"/Users/anthonynwosu/Desktop/BC_36-Fast-Food-Fast-/server/middleware/doesUserExist.js":{"path":"/Users/anthonynwosu/Desktop/BC_36-Fast-Food-Fast-/server/middleware/doesUserExist.js","statementMap":{"0":{"start":{"line":3,"column":0},"end":{"line":5,"column":3}},"1":{"start":{"line":7,"column":10},"end":{"line":7,"column":33}},"2":{"start":{"line":9,"column":11},"end":{"line":9,"column":38}},"3":{"start":{"line":11,"column":39},"end":{"line":11,"column":93}},"4":{"start":{"line":17,"column":20},"end":{"line":44,"column":1}},"5":{"start":{"line":28,"column":15},"end":{"line":28,"column":33}},"6":{"start":{"line":30,"column":13},"end":{"line":30,"column":48}},"7":{"start":{"line":31,"column":15},"end":{"line":31,"column":23}},"8":{"start":{"line":33,"column":2},"end":{"line":43,"column":5}},"9":{"start":{"line":34,"column":4},"end":{"line":42,"column":5}},"10":{"start":{"line":35,"column":6},"end":{"line":35,"column":13}},"11":{"start":{"line":37,"column":6},"end":{"line":41,"column":9}},"12":{"start":{"line":45,"column":0},"end":{"line":45,"column":32}}},"fnMap":{"0":{"name":"_interopRequireDefault","decl":{"start":{"line":11,"column":9},"end":{"line":11,"column":31}},"loc":{"start":{"line":11,"column":37},"end":{"line":11,"column":95}},"line":11},"1":{"name":"doesUserExist","decl":{"start":{"line":17,"column":29},"end":{"line":17,"column":42}},"loc":{"start":{"line":17,"column":59},"end":{"line":44,"column":1}},"line":17},"2":{"name":"(anonymous_2)","decl":{"start":{"line":33,"column":34},"end":{"line":33,"column":35}},"loc":{"start":{"line":33,"column":58},"end":{"line":43,"column":3}},"line":33}},"branchMap":{"0":{"loc":{"start":{"line":11,"column":46},"end":{"line":11,"column":92}},"type":"cond-expr","locations":[{"start":{"line":11,"column":70},"end":{"line":11,"column":73}},{"start":{"line":11,"column":76},"end":{"line":11,"column":92}}],"line":11},"1":{"loc":{"start":{"line":11,"column":46},"end":{"line":11,"column":67}},"type":"binary-expr","locations":[{"start":{"line":11,"column":46},"end":{"line":11,"column":49}},{"start":{"line":11,"column":53},"end":{"line":11,"column":67}}],"line":11},"2":{"loc":{"start":{"line":34,"column":4},"end":{"line":42,"column":5}},"type":"if","locations":[{"start":{"line":34,"column":4},"end":{"line":42,"column":5}},{"start":{"line":34,"column":4},"end":{"line":42,"column":5}}],"line":34}},"s":{"0":1,"1":1,"2":1,"3":1,"4":1,"5":5,"6":5,"7":5,"8":5,"9":5,"10":5,"11":0,"12":1},"f":{"0":1,"1":5,"2":5},"b":{"0":[1,0],"1":[1,1],"2":[5,0]},"_coverageSchema":"43e27e138ebf9cfc5966b082cf9a028302ed4184","hash":"a3b8f1697a1aabe94520cf47950c5c792f9a65e6","contentHash":"5f9a547f464d79cd2e83b77508f5c1a8"},"/Users/anthonynwosu/Desktop/BC_36-Fast-Food-Fast-/server/controllers/orderController/GetAllOrders.js":{"path":"/Users/anthonynwosu/Desktop/BC_36-Fast-Food-Fast-/server/controllers/orderController/GetAllOrders.js","statementMap":{"0":{"start":{"line":3,"column":0},"end":{"line":5,"column":3}},"1":{"start":{"line":7,"column":19},"end":{"line":7,"column":563}},"2":{"start":{"line":7,"column":76},"end":{"line":7,"column":347}},"3":{"start":{"line":7,"column":134},"end":{"line":7,"column":142}},"4":{"start":{"line":7,"column":144},"end":{"line":7,"column":199}},"5":{"start":{"line":7,"column":200},"end":{"line":7,"column":231}},"6":{"start":{"line":7,"column":232},"end":{"line":7,"column":286}},"7":{"start":{"line":7,"column":259},"end":{"line":7,"column":286}},"8":{"start":{"line":7,"column":287},"end":{"line":7,"column":345}},"9":{"start":{"line":7,"column":350},"end":{"line":7,"column":559}},"10":{"start":{"line":7,"column":407},"end":{"line":7,"column":475}},"11":{"start":{"line":7,"column":423},"end":{"line":7,"column":475}},"12":{"start":{"line":7,"column":476},"end":{"line":7,"column":536}},"13":{"start":{"line":7,"column":493},"end":{"line":7,"column":536}},"14":{"start":{"line":7,"column":537},"end":{"line":7,"column":556}},"15":{"start":{"line":9,"column":10},"end":{"line":9,"column":36}},"16":{"start":{"line":11,"column":11},"end":{"line":11,"column":38}},"17":{"start":{"line":13,"column":39},"end":{"line":13,"column":93}},"18":{"start":{"line":15,"column":50},"end":{"line":15,"column":151}},"19":{"start":{"line":15,"column":92},"end":{"line":15,"column":149}},"20":{"start":{"line":20,"column":29},"end":{"line":63,"column":3}},"21":{"start":{"line":22,"column":4},"end":{"line":22,"column":50}},"22":{"start":{"line":25,"column":2},"end":{"line":60,"column":6}},"23":{"start":{"line":37,"column":17},"end":{"line":37,"column":959}},"24":{"start":{"line":39,"column":18},"end":{"line":39,"column":36}},"25":{"start":{"line":41,"column":6},"end":{"line":58,"column":9}},"26":{"start":{"line":42,"column":8},"end":{"line":44,"column":9}},"27":{"start":{"line":43,"column":10},"end":{"line":43,"column":76}},"28":{"start":{"line":45,"column":8},"end":{"line":57,"column":9}},"29":{"start":{"line":46,"column":10},"end":{"line":49,"column":13}},"30":{"start":{"line":51,"column":10},"end":{"line":56,"column":13}},"31":{"start":{"line":62,"column":2},"end":{"line":62,"column":32}},"32":{"start":{"line":65,"column":0},"end":{"line":65,"column":41}}},"fnMap":{"0":{"name":"(anonymous_0)","decl":{"start":{"line":7,"column":19},"end":{"line":7,"column":20}},"loc":{"start":{"line":7,"column":31},"end":{"line":7,"column":561}},"line":7},"1":{"name":"defineProperties","decl":{"start":{"line":7,"column":42},"end":{"line":7,"column":58}},"loc":{"start":{"line":7,"column":74},"end":{"line":7,"column":349}},"line":7},"2":{"name":"(anonymous_2)","decl":{"start":{"line":7,"column":357},"end":{"line":7,"column":358}},"loc":{"start":{"line":7,"column":405},"end":{"line":7,"column":558}},"line":7},"3":{"name":"_interopRequireDefault","decl":{"start":{"line":13,"column":9},"end":{"line":13,"column":31}},"loc":{"start":{"line":13,"column":37},"end":{"line":13,"column":95}},"line":13},"4":{"name":"_classCallCheck","decl":{"start":{"line":15,"column":9},"end":{"line":15,"column":24}},"loc":{"start":{"line":15,"column":48},"end":{"line":15,"column":153}},"line":15},"5":{"name":"(anonymous_5)","decl":{"start":{"line":20,"column":29},"end":{"line":20,"column":30}},"loc":{"start":{"line":20,"column":41},"end":{"line":63,"column":1}},"line":20},"6":{"name":"GetAllOrdersController","decl":{"start":{"line":21,"column":11},"end":{"line":21,"column":33}},"loc":{"start":{"line":21,"column":36},"end":{"line":23,"column":3}},"line":21},"7":{"name":"getAllOrders","decl":{"start":{"line":36,"column":20},"end":{"line":36,"column":32}},"loc":{"start":{"line":36,"column":43},"end":{"line":59,"column":5}},"line":36},"8":{"name":"(anonymous_8)","decl":{"start":{"line":41,"column":37},"end":{"line":41,"column":38}},"loc":{"start":{"line":41,"column":61},"end":{"line":58,"column":7}},"line":41}},"branchMap":{"0":{"loc":{"start":{"line":7,"column":168},"end":{"line":7,"column":198}},"type":"binary-expr","locations":[{"start":{"line":7,"column":168},"end":{"line":7,"column":189}},{"start":{"line":7,"column":193},"end":{"line":7,"column":198}}],"line":7},"1":{"loc":{"start":{"line":7,"column":232},"end":{"line":7,"column":286}},"type":"if","locations":[{"start":{"line":7,"column":232},"end":{"line":7,"column":286}},{"start":{"line":7,"column":232},"end":{"line":7,"column":286}}],"line":7},"2":{"loc":{"start":{"line":7,"column":407},"end":{"line":7,"column":475}},"type":"if","locations":[{"start":{"line":7,"column":407},"end":{"line":7,"column":475}},{"start":{"line":7,"column":407},"end":{"line":7,"column":475}}],"line":7},"3":{"loc":{"start":{"line":7,"column":476},"end":{"line":7,"column":536}},"type":"if","locations":[{"start":{"line":7,"column":476},"end":{"line":7,"column":536}},{"start":{"line":7,"column":476},"end":{"line":7,"column":536}}],"line":7},"4":{"loc":{"start":{"line":13,"column":46},"end":{"line":13,"column":92}},"type":"cond-expr","locations":[{"start":{"line":13,"column":70},"end":{"line":13,"column":73}},{"start":{"line":13,"column":76},"end":{"line":13,"column":92}}],"line":13},"5":{"loc":{"start":{"line":13,"column":46},"end":{"line":13,"column":67}},"type":"binary-expr","locations":[{"start":{"line":13,"column":46},"end":{"line":13,"column":49}},{"start":{"line":13,"column":53},"end":{"line":13,"column":67}}],"line":13},"6":{"loc":{"start":{"line":15,"column":50},"end":{"line":15,"column":151}},"type":"if","locations":[{"start":{"line":15,"column":50},"end":{"line":15,"column":151}},{"start":{"line":15,"column":50},"end":{"line":15,"column":151}}],"line":15},"7":{"loc":{"start":{"line":42,"column":8},"end":{"line":44,"column":9}},"type":"if","locations":[{"start":{"line":42,"column":8},"end":{"line":44,"column":9}},{"start":{"line":42,"column":8},"end":{"line":44,"column":9}}],"line":42},"8":{"loc":{"start":{"line":45,"column":8},"end":{"line":57,"column":9}},"type":"if","locations":[{"start":{"line":45,"column":8},"end":{"line":57,"column":9}},{"start":{"line":45,"column":8},"end":{"line":57,"column":9}}],"line":45},"9":{"loc":{"start":{"line":45,"column":12},"end":{"line":45,"column":62}},"type":"binary-expr","locations":[{"start":{"line":45,"column":12},"end":{"line":45,"column":39}},{"start":{"line":45,"column":43},"end":{"line":45,"column":62}}],"line":45}},"s":{"0":1,"1":1,"2":1,"3":1,"4":1,"5":1,"6":1,"7":1,"8":1,"9":1,"10":1,"11":0,"12":1,"13":1,"14":1,"15":1,"16":1,"17":1,"18":0,"19":0,"20":1,"21":0,"22":1,"23":0,"24":0,"25":0,"26":0,"27":0,"28":0,"29":0,"30":0,"31":1,"32":1},"f":{"0":1,"1":1,"2":1,"3":1,"4":0,"5":1,"6":0,"7":0,"8":0},"b":{"0":[1,1],"1":[1,0],"2":[0,1],"3":[1,0],"4":[1,0],"5":[1,1],"6":[0,0],"7":[0,0],"8":[0,0],"9":[0,0]},"_coverageSchema":"43e27e138ebf9cfc5966b082cf9a028302ed4184","hash":"ef4f51823843aa14d1e28f6fccfc7e69bc88a881","contentHash":"af4d00b48c14d4d759159d7e440d0c00"},"/Users/anthonynwosu/Desktop/BC_36-Fast-Food-Fast-/server/controllers/orderController/GetSingleOrder.js":{"path":"/Users/anthonynwosu/Desktop/BC_36-Fast-Food-Fast-/server/controllers/orderController/GetSingleOrder.js","statementMap":{"0":{"start":{"line":3,"column":0},"end":{"line":5,"column":3}},"1":{"start":{"line":7,"column":19},"end":{"line":7,"column":563}},"2":{"start":{"line":7,"column":76},"end":{"line":7,"column":347}},"3":{"start":{"line":7,"column":134},"end":{"line":7,"column":142}},"4":{"start":{"line":7,"column":144},"end":{"line":7,"column":199}},"5":{"start":{"line":7,"column":200},"end":{"line":7,"column":231}},"6":{"start":{"line":7,"column":232},"end":{"line":7,"column":286}},"7":{"start":{"line":7,"column":259},"end":{"line":7,"column":286}},"8":{"start":{"line":7,"column":287},"end":{"line":7,"column":345}},"9":{"start":{"line":7,"column":350},"end":{"line":7,"column":559}},"10":{"start":{"line":7,"column":407},"end":{"line":7,"column":475}},"11":{"start":{"line":7,"column":423},"end":{"line":7,"column":475}},"12":{"start":{"line":7,"column":476},"end":{"line":7,"column":536}},"13":{"start":{"line":7,"column":493},"end":{"line":7,"column":536}},"14":{"start":{"line":7,"column":537},"end":{"line":7,"column":556}},"15":{"start":{"line":9,"column":10},"end":{"line":9,"column":36}},"16":{"start":{"line":11,"column":11},"end":{"line":11,"column":38}},"17":{"start":{"line":13,"column":39},"end":{"line":13,"column":93}},"18":{"start":{"line":15,"column":50},"end":{"line":15,"column":151}},"19":{"start":{"line":15,"column":92},"end":{"line":15,"column":149}},"20":{"start":{"line":20,"column":31},"end":{"line":66,"column":3}},"21":{"start":{"line":22,"column":4},"end":{"line":22,"column":52}},"22":{"start":{"line":25,"column":2},"end":{"line":63,"column":6}},"23":{"start":{"line":37,"column":15},"end":{"line":37,"column":28}},"24":{"start":{"line":40,"column":17},"end":{"line":40,"column":770}},"25":{"start":{"line":42,"column":18},"end":{"line":42,"column":22}},"26":{"start":{"line":44,"column":6},"end":{"line":61,"column":9}},"27":{"start":{"line":45,"column":8},"end":{"line":47,"column":9}},"28":{"start":{"line":46,"column":10},"end":{"line":46,"column":60}},"29":{"start":{"line":48,"column":8},"end":{"line":60,"column":9}},"30":{"start":{"line":49,"column":10},"end":{"line":53,"column":13}},"31":{"start":{"line":55,"column":10},"end":{"line":59,"column":13}},"32":{"start":{"line":65,"column":2},"end":{"line":65,"column":34}},"33":{"start":{"line":68,"column":0},"end":{"line":68,"column":43}}},"fnMap":{"0":{"name":"(anonymous_0)","decl":{"start":{"line":7,"column":19},"end":{"line":7,"column":20}},"loc":{"start":{"line":7,"column":31},"end":{"line":7,"column":561}},"line":7},"1":{"name":"defineProperties","decl":{"start":{"line":7,"column":42},"end":{"line":7,"column":58}},"loc":{"start":{"line":7,"column":74},"end":{"line":7,"column":349}},"line":7},"2":{"name":"(anonymous_2)","decl":{"start":{"line":7,"column":357},"end":{"line":7,"column":358}},"loc":{"start":{"line":7,"column":405},"end":{"line":7,"column":558}},"line":7},"3":{"name":"_interopRequireDefault","decl":{"start":{"line":13,"column":9},"end":{"line":13,"column":31}},"loc":{"start":{"line":13,"column":37},"end":{"line":13,"column":95}},"line":13},"4":{"name":"_classCallCheck","decl":{"start":{"line":15,"column":9},"end":{"line":15,"column":24}},"loc":{"start":{"line":15,"column":48},"end":{"line":15,"column":153}},"line":15},"5":{"name":"(anonymous_5)","decl":{"start":{"line":20,"column":31},"end":{"line":20,"column":32}},"loc":{"start":{"line":20,"column":43},"end":{"line":66,"column":1}},"line":20},"6":{"name":"GetSingleOrderController","decl":{"start":{"line":21,"column":11},"end":{"line":21,"column":35}},"loc":{"start":{"line":21,"column":38},"end":{"line":23,"column":3}},"line":21},"7":{"name":"getSingleOrder","decl":{"start":{"line":36,"column":20},"end":{"line":36,"column":34}},"loc":{"start":{"line":36,"column":45},"end":{"line":62,"column":5}},"line":36},"8":{"name":"(anonymous_8)","decl":{"start":{"line":44,"column":37},"end":{"line":44,"column":38}},"loc":{"start":{"line":44,"column":61},"end":{"line":61,"column":7}},"line":44}},"branchMap":{"0":{"loc":{"start":{"line":7,"column":168},"end":{"line":7,"column":198}},"type":"binary-expr","locations":[{"start":{"line":7,"column":168},"end":{"line":7,"column":189}},{"start":{"line":7,"column":193},"end":{"line":7,"column":198}}],"line":7},"1":{"loc":{"start":{"line":7,"column":232},"end":{"line":7,"column":286}},"type":"if","locations":[{"start":{"line":7,"column":232},"end":{"line":7,"column":286}},{"start":{"line":7,"column":232},"end":{"line":7,"column":286}}],"line":7},"2":{"loc":{"start":{"line":7,"column":407},"end":{"line":7,"column":475}},"type":"if","locations":[{"start":{"line":7,"column":407},"end":{"line":7,"column":475}},{"start":{"line":7,"column":407},"end":{"line":7,"column":475}}],"line":7},"3":{"loc":{"start":{"line":7,"column":476},"end":{"line":7,"column":536}},"type":"if","locations":[{"start":{"line":7,"column":476},"end":{"line":7,"column":536}},{"start":{"line":7,"column":476},"end":{"line":7,"column":536}}],"line":7},"4":{"loc":{"start":{"line":13,"column":46},"end":{"line":13,"column":92}},"type":"cond-expr","locations":[{"start":{"line":13,"column":70},"end":{"line":13,"column":73}},{"start":{"line":13,"column":76},"end":{"line":13,"column":92}}],"line":13},"5":{"loc":{"start":{"line":13,"column":46},"end":{"line":13,"column":67}},"type":"binary-expr","locations":[{"start":{"line":13,"column":46},"end":{"line":13,"column":49}},{"start":{"line":13,"column":53},"end":{"line":13,"column":67}}],"line":13},"6":{"loc":{"start":{"line":15,"column":50},"end":{"line":15,"column":151}},"type":"if","locations":[{"start":{"line":15,"column":50},"end":{"line":15,"column":151}},{"start":{"line":15,"column":50},"end":{"line":15,"column":151}}],"line":15},"7":{"loc":{"start":{"line":45,"column":8},"end":{"line":47,"column":9}},"type":"if","locations":[{"start":{"line":45,"column":8},"end":{"line":47,"column":9}},{"start":{"line":45,"column":8},"end":{"line":47,"column":9}}],"line":45},"8":{"loc":{"start":{"line":48,"column":8},"end":{"line":60,"column":9}},"type":"if","locations":[{"start":{"line":48,"column":8},"end":{"line":60,"column":9}},{"start":{"line":48,"column":8},"end":{"line":60,"column":9}}],"line":48}},"s":{"0":1,"1":1,"2":1,"3":1,"4":1,"5":1,"6":1,"7":1,"8":1,"9":1,"10":1,"11":0,"12":1,"13":1,"14":1,"15":1,"16":1,"17":1,"18":0,"19":0,"20":1,"21":0,"22":1,"23":0,"24":0,"25":0,"26":0,"27":0,"28":0,"29":0,"30":0,"31":0,"32":1,"33":1},"f":{"0":1,"1":1,"2":1,"3":1,"4":0,"5":1,"6":0,"7":0,"8":0},"b":{"0":[1,1],"1":[1,0],"2":[0,1],"3":[1,0],"4":[1,0],"5":[1,1],"6":[0,0],"7":[0,0],"8":[0,0]},"_coverageSchema":"43e27e138ebf9cfc5966b082cf9a028302ed4184","hash":"7041eb69fdbf1588e2e5ad1ab48913c746c78fd1","contentHash":"f4f12389d90a59994d221bee2c1e9421"},"/Users/anthonynwosu/Desktop/BC_36-Fast-Food-Fast-/server/middleware/isUserAdmin.js":{"path":"/Users/anthonynwosu/Desktop/BC_36-Fast-Food-Fast-/server/middleware/isUserAdmin.js","statementMap":{"0":{"start":{"line":3,"column":0},"end":{"line":5,"column":3}},"1":{"start":{"line":10,"column":18},"end":{"line":31,"column":1}},"2":{"start":{"line":21,"column":13},"end":{"line":21,"column":29}},"3":{"start":{"line":23,"column":2},"end":{"line":29,"column":3}},"4":{"start":{"line":24,"column":4},"end":{"line":28,"column":7}},"5":{"start":{"line":30,"column":2},"end":{"line":30,"column":9}},"6":{"start":{"line":33,"column":0},"end":{"line":33,"column":30}}},"fnMap":{"0":{"name":"isUserAdmin","decl":{"start":{"line":10,"column":27},"end":{"line":10,"column":38}},"loc":{"start":{"line":10,"column":55},"end":{"line":31,"column":1}},"line":10}},"branchMap":{"0":{"loc":{"start":{"line":23,"column":2},"end":{"line":29,"column":3}},"type":"if","locations":[{"start":{"line":23,"column":2},"end":{"line":29,"column":3}},{"start":{"line":23,"column":2},"end":{"line":29,"column":3}}],"line":23},"1":{"loc":{"start":{"line":23,"column":6},"end":{"line":23,"column":47}},"type":"binary-expr","locations":[{"start":{"line":23,"column":6},"end":{"line":23,"column":27}},{"start":{"line":23,"column":31},"end":{"line":23,"column":47}}],"line":23}},"s":{"0":1,"1":1,"2":4,"3":4,"4":4,"5":0,"6":1},"f":{"0":4},"b":{"0":[4,0],"1":[4,4]},"_coverageSchema":"43e27e138ebf9cfc5966b082cf9a028302ed4184","hash":"2aaf1a35e37ddbaa02f5880520525ba16f39f3a3","contentHash":"b1c128ad83b18c316589744f393c388a"},"/Users/anthonynwosu/Desktop/BC_36-Fast-Food-Fast-/server/controllers/orderController/UpdateOrderStatus.js":{"path":"/Users/anthonynwosu/Desktop/BC_36-Fast-Food-Fast-/server/controllers/orderController/UpdateOrderStatus.js","statementMap":{"0":{"start":{"line":3,"column":0},"end":{"line":5,"column":3}},"1":{"start":{"line":7,"column":19},"end":{"line":7,"column":563}},"2":{"start":{"line":7,"column":76},"end":{"line":7,"column":347}},"3":{"start":{"line":7,"column":134},"end":{"line":7,"column":142}},"4":{"start":{"line":7,"column":144},"end":{"line":7,"column":199}},"5":{"start":{"line":7,"column":200},"end":{"line":7,"column":231}},"6":{"start":{"line":7,"column":232},"end":{"line":7,"column":286}},"7":{"start":{"line":7,"column":259},"end":{"line":7,"column":286}},"8":{"start":{"line":7,"column":287},"end":{"line":7,"column":345}},"9":{"start":{"line":7,"column":350},"end":{"line":7,"column":559}},"10":{"start":{"line":7,"column":407},"end":{"line":7,"column":475}},"11":{"start":{"line":7,"column":423},"end":{"line":7,"column":475}},"12":{"start":{"line":7,"column":476},"end":{"line":7,"column":536}},"13":{"start":{"line":7,"column":493},"end":{"line":7,"column":536}},"14":{"start":{"line":7,"column":537},"end":{"line":7,"column":556}},"15":{"start":{"line":9,"column":10},"end":{"line":9,"column":36}},"16":{"start":{"line":11,"column":11},"end":{"line":11,"column":38}},"17":{"start":{"line":13,"column":39},"end":{"line":13,"column":93}},"18":{"start":{"line":15,"column":50},"end":{"line":15,"column":151}},"19":{"start":{"line":15,"column":92},"end":{"line":15,"column":149}},"20":{"start":{"line":20,"column":34},"end":{"line":65,"column":3}},"21":{"start":{"line":22,"column":4},"end":{"line":22,"column":55}},"22":{"start":{"line":25,"column":2},"end":{"line":62,"column":6}},"23":{"start":{"line":37,"column":20},"end":{"line":37,"column":33}},"24":{"start":{"line":38,"column":24},"end":{"line":38,"column":44}},"25":{"start":{"line":40,"column":17},"end":{"line":40,"column":96}},"26":{"start":{"line":41,"column":19},"end":{"line":41,"column":41}},"27":{"start":{"line":42,"column":6},"end":{"line":60,"column":9}},"28":{"start":{"line":43,"column":8},"end":{"line":45,"column":9}},"29":{"start":{"line":44,"column":10},"end":{"line":44,"column":76}},"30":{"start":{"line":47,"column":8},"end":{"line":53,"column":9}},"31":{"start":{"line":48,"column":10},"end":{"line":52,"column":13}},"32":{"start":{"line":54,"column":8},"end":{"line":59,"column":11}},"33":{"start":{"line":64,"column":2},"end":{"line":64,"column":37}},"34":{"start":{"line":67,"column":0},"end":{"line":67,"column":46}}},"fnMap":{"0":{"name":"(anonymous_0)","decl":{"start":{"line":7,"column":19},"end":{"line":7,"column":20}},"loc":{"start":{"line":7,"column":31},"end":{"line":7,"column":561}},"line":7},"1":{"name":"defineProperties","decl":{"start":{"line":7,"column":42},"end":{"line":7,"column":58}},"loc":{"start":{"line":7,"column":74},"end":{"line":7,"column":349}},"line":7},"2":{"name":"(anonymous_2)","decl":{"start":{"line":7,"column":357},"end":{"line":7,"column":358}},"loc":{"start":{"line":7,"column":405},"end":{"line":7,"column":558}},"line":7},"3":{"name":"_interopRequireDefault","decl":{"start":{"line":13,"column":9},"end":{"line":13,"column":31}},"loc":{"start":{"line":13,"column":37},"end":{"line":13,"column":95}},"line":13},"4":{"name":"_classCallCheck","decl":{"start":{"line":15,"column":9},"end":{"line":15,"column":24}},"loc":{"start":{"line":15,"column":48},"end":{"line":15,"column":153}},"line":15},"5":{"name":"(anonymous_5)","decl":{"start":{"line":20,"column":34},"end":{"line":20,"column":35}},"loc":{"start":{"line":20,"column":46},"end":{"line":65,"column":1}},"line":20},"6":{"name":"UpdateOrderStatusController","decl":{"start":{"line":21,"column":11},"end":{"line":21,"column":38}},"loc":{"start":{"line":21,"column":41},"end":{"line":23,"column":3}},"line":21},"7":{"name":"updateOrderStatus","decl":{"start":{"line":36,"column":20},"end":{"line":36,"column":37}},"loc":{"start":{"line":36,"column":48},"end":{"line":61,"column":5}},"line":36},"8":{"name":"(anonymous_8)","decl":{"start":{"line":42,"column":38},"end":{"line":42,"column":39}},"loc":{"start":{"line":42,"column":61},"end":{"line":60,"column":7}},"line":42}},"branchMap":{"0":{"loc":{"start":{"line":7,"column":168},"end":{"line":7,"column":198}},"type":"binary-expr","locations":[{"start":{"line":7,"column":168},"end":{"line":7,"column":189}},{"start":{"line":7,"column":193},"end":{"line":7,"column":198}}],"line":7},"1":{"loc":{"start":{"line":7,"column":232},"end":{"line":7,"column":286}},"type":"if","locations":[{"start":{"line":7,"column":232},"end":{"line":7,"column":286}},{"start":{"line":7,"column":232},"end":{"line":7,"column":286}}],"line":7},"2":{"loc":{"start":{"line":7,"column":407},"end":{"line":7,"column":475}},"type":"if","locations":[{"start":{"line":7,"column":407},"end":{"line":7,"column":475}},{"start":{"line":7,"column":407},"end":{"line":7,"column":475}}],"line":7},"3":{"loc":{"start":{"line":7,"column":476},"end":{"line":7,"column":536}},"type":"if","locations":[{"start":{"line":7,"column":476},"end":{"line":7,"column":536}},{"start":{"line":7,"column":476},"end":{"line":7,"column":536}}],"line":7},"4":{"loc":{"start":{"line":13,"column":46},"end":{"line":13,"column":92}},"type":"cond-expr","locations":[{"start":{"line":13,"column":70},"end":{"line":13,"column":73}},{"start":{"line":13,"column":76},"end":{"line":13,"column":92}}],"line":13},"5":{"loc":{"start":{"line":13,"column":46},"end":{"line":13,"column":67}},"type":"binary-expr","locations":[{"start":{"line":13,"column":46},"end":{"line":13,"column":49}},{"start":{"line":13,"column":53},"end":{"line":13,"column":67}}],"line":13},"6":{"loc":{"start":{"line":15,"column":50},"end":{"line":15,"column":151}},"type":"if","locations":[{"start":{"line":15,"column":50},"end":{"line":15,"column":151}},{"start":{"line":15,"column":50},"end":{"line":15,"column":151}}],"line":15},"7":{"loc":{"start":{"line":43,"column":8},"end":{"line":45,"column":9}},"type":"if","locations":[{"start":{"line":43,"column":8},"end":{"line":45,"column":9}},{"start":{"line":43,"column":8},"end":{"line":45,"column":9}}],"line":43},"8":{"loc":{"start":{"line":47,"column":8},"end":{"line":53,"column":9}},"type":"if","locations":[{"start":{"line":47,"column":8},"end":{"line":53,"column":9}},{"start":{"line":47,"column":8},"end":{"line":53,"column":9}}],"line":47}},"s":{"0":1,"1":1,"2":1,"3":1,"4":1,"5":1,"6":1,"7":1,"8":1,"9":1,"10":1,"11":0,"12":1,"13":1,"14":1,"15":1,"16":1,"17":1,"18":0,"19":0,"20":1,"21":0,"22":1,"23":0,"24":0,"25":0,"26":0,"27":0,"28":0,"29":0,"30":0,"31":0,"32":0,"33":1,"34":1},"f":{"0":1,"1":1,"2":1,"3":1,"4":0,"5":1,"6":0,"7":0,"8":0},"b":{"0":[1,1],"1":[1,0],"2":[0,1],"3":[1,0],"4":[1,0],"5":[1,1],"6":[0,0],"7":[0,0],"8":[0,0]},"_coverageSchema":"43e27e138ebf9cfc5966b082cf9a028302ed4184","hash":"62195906e62edbe5e96103aae0d285e04ddaf2c0","contentHash":"59143972fb8f64b2840edca90fbc23c9"},"/Users/anthonynwosu/Desktop/BC_36-Fast-Food-Fast-/server/middleware/orderStatusValidator.js":{"path":"/Users/anthonynwosu/Desktop/BC_36-Fast-Food-Fast-/server/middleware/orderStatusValidator.js","statementMap":{"0":{"start":{"line":3,"column":0},"end":{"line":5,"column":3}},"1":{"start":{"line":7,"column":28},"end":{"line":7,"column":69}},"2":{"start":{"line":9,"column":29},"end":{"line":9,"column":74}},"3":{"start":{"line":11,"column":39},"end":{"line":11,"column":93}},"4":{"start":{"line":17,"column":27},"end":{"line":44,"column":1}},"5":{"start":{"line":28,"column":15},"end":{"line":28,"column":17}},"6":{"start":{"line":30,"column":20},"end":{"line":30,"column":80}},"7":{"start":{"line":32,"column":2},"end":{"line":34,"column":3}},"8":{"start":{"line":33,"column":4},"end":{"line":33,"column":52}},"9":{"start":{"line":36,"column":2},"end":{"line":38,"column":3}},"10":{"start":{"line":37,"column":4},"end":{"line":37,"column":100}},"11":{"start":{"line":40,"column":2},"end":{"line":42,"column":3}},"12":{"start":{"line":41,"column":4},"end":{"line":41,"column":81}},"13":{"start":{"line":43,"column":2},"end":{"line":43,"column":9}},"14":{"start":{"line":46,"column":0},"end":{"line":46,"column":39}}},"fnMap":{"0":{"name":"_interopRequireDefault","decl":{"start":{"line":11,"column":9},"end":{"line":11,"column":31}},"loc":{"start":{"line":11,"column":37},"end":{"line":11,"column":95}},"line":11},"1":{"name":"orderStatusValidator","decl":{"start":{"line":17,"column":36},"end":{"line":17,"column":56}},"loc":{"start":{"line":17,"column":73},"end":{"line":44,"column":1}},"line":17}},"branchMap":{"0":{"loc":{"start":{"line":11,"column":46},"end":{"line":11,"column":92}},"type":"cond-expr","locations":[{"start":{"line":11,"column":70},"end":{"line":11,"column":73}},{"start":{"line":11,"column":76},"end":{"line":11,"column":92}}],"line":11},"1":{"loc":{"start":{"line":11,"column":46},"end":{"line":11,"column":67}},"type":"binary-expr","locations":[{"start":{"line":11,"column":46},"end":{"line":11,"column":49}},{"start":{"line":11,"column":53},"end":{"line":11,"column":67}}],"line":11},"2":{"loc":{"start":{"line":32,"column":2},"end":{"line":34,"column":3}},"type":"if","locations":[{"start":{"line":32,"column":2},"end":{"line":34,"column":3}},{"start":{"line":32,"column":2},"end":{"line":34,"column":3}}],"line":32},"3":{"loc":{"start":{"line":36,"column":2},"end":{"line":38,"column":3}},"type":"if","locations":[{"start":{"line":36,"column":2},"end":{"line":38,"column":3}},{"start":{"line":36,"column":2},"end":{"line":38,"column":3}}],"line":36},"4":{"loc":{"start":{"line":36,"column":6},"end":{"line":36,"column":135}},"type":"binary-expr","locations":[{"start":{"line":36,"column":6},"end":{"line":36,"column":17}},{"start":{"line":36,"colu
[...]
"column":8},"end":{"line":355,"column":39}},"209":{"start":{"line":356,"column":8},"end":{"line":356,"column":48}},"210":{"start":{"line":357,"column":8},"end":{"line":357,"column":46}},"211":{"start":{"line":358,"column":8},"end":{"line":358,"column":57}},"212":{"start":{"line":359,"column":8},"end":{"line":359,"column":55}},"213":{"start":{"line":360,"column":8},"end":{"line":360,"column":80}},"214":{"start":{"line":361,"column":8},"end":{"line":361,"column":15}},"215":{"start":{"line":364,"column":4},"end":{"line":383,"column":7}},"216":{"start":{"line":365,"column":32},"end":{"line":371,"column":7}},"217":{"start":{"line":372,"column":6},"end":{"line":382,"column":9}},"218":{"start":{"line":373,"column":8},"end":{"line":373,"column":36}},"219":{"start":{"line":374,"column":8},"end":{"line":374,"column":27}},"220":{"start":{"line":375,"column":8},"end":{"line":375,"column":39}},"221":{"start":{"line":376,"column":8},"end":{"line":376,"column":48}},"222":{"start":{"line":377,"column":8},"end":{"line":377,"column":46}},"223":{"start":{"line":378,"column":8},"end":{"line":378,"column":57}},"224":{"start":{"line":379,"column":8},"end":{"line":379,"column":55}},"225":{"start":{"line":380,"column":8},"end":{"line":380,"column":90}},"226":{"start":{"line":381,"column":8},"end":{"line":381,"column":15}},"227":{"start":{"line":384,"column":4},"end":{"line":403,"column":7}},"228":{"start":{"line":385,"column":32},"end":{"line":391,"column":7}},"229":{"start":{"line":392,"column":6},"end":{"line":402,"column":9}},"230":{"start":{"line":393,"column":8},"end":{"line":393,"column":36}},"231":{"start":{"line":394,"column":8},"end":{"line":394,"column":27}},"232":{"start":{"line":395,"column":8},"end":{"line":395,"column":39}},"233":{"start":{"line":396,"column":8},"end":{"line":396,"column":48}},"234":{"start":{"line":397,"column":8},"end":{"line":397,"column":46}},"235":{"start":{"line":398,"column":8},"end":{"line":398,"column":57}},"236":{"start":{"line":399,"column":8},"end":{"line":399,"column":55}},"237":{"start":{"line":400,"column":8},"end":{"line":400,"column":90}},"238":{"start":{"line":401,"column":8},"end":{"line":401,"column":15}},"239":{"start":{"line":404,"column":4},"end":{"line":422,"column":7}},"240":{"start":{"line":405,"column":32},"end":{"line":410,"column":7}},"241":{"start":{"line":411,"column":6},"end":{"line":421,"column":9}},"242":{"start":{"line":412,"column":8},"end":{"line":412,"column":36}},"243":{"start":{"line":413,"column":8},"end":{"line":413,"column":27}},"244":{"start":{"line":414,"column":8},"end":{"line":414,"column":39}},"245":{"start":{"line":415,"column":8},"end":{"line":415,"column":48}},"246":{"start":{"line":416,"column":8},"end":{"line":416,"column":46}},"247":{"start":{"line":417,"column":8},"end":{"line":417,"column":64}},"248":{"start":{"line":418,"column":8},"end":{"line":418,"column":62}},"249":{"start":{"line":419,"column":8},"end":{"line":419,"column":72}},"250":{"start":{"line":420,"column":8},"end":{"line":420,"column":15}},"251":{"start":{"line":424,"column":4},"end":{"line":443,"column":7}},"252":{"start":{"line":425,"column":32},"end":{"line":431,"column":7}},"253":{"start":{"line":432,"column":6},"end":{"line":442,"column":9}},"254":{"start":{"line":433,"column":8},"end":{"line":433,"column":36}},"255":{"start":{"line":434,"column":8},"end":{"line":434,"column":27}},"256":{"start":{"line":435,"column":8},"end":{"line":435,"column":39}},"257":{"start":{"line":436,"column":8},"end":{"line":436,"column":48}},"258":{"start":{"line":437,"column":8},"end":{"line":437,"column":46}},"259":{"start":{"line":438,"column":8},"end":{"line":438,"column":64}},"260":{"start":{"line":439,"column":8},"end":{"line":439,"column":62}},"261":{"start":{"line":440,"column":8},"end":{"line":440,"column":72}},"262":{"start":{"line":441,"column":8},"end":{"line":441,"column":15}},"263":{"start":{"line":444,"column":4},"end":{"line":463,"column":7}},"264":{"start":{"line":445,"column":32},"end":{"line":451,"column":7}},"265":{"start":{"line":452,"column":6},"end":{"line":462,"column":9}},"266":{"start":{"line":453,"column":8},"end":{"line":453,"column":36}},"267":{"start":{"line":454,"column":8},"end":{"line":454,"column":27}},"268":{"start":{"line":455,"column":8},"end":{"line":455,"column":39}},"269":{"start":{"line":456,"column":8},"end":{"line":456,"column":48}},"270":{"start":{"line":457,"column":8},"end":{"line":457,"column":46}},"271":{"start":{"line":458,"column":8},"end":{"line":458,"column":64}},"272":{"start":{"line":459,"column":8},"end":{"line":459,"column":62}},"273":{"start":{"line":460,"column":8},"end":{"line":460,"column":77}},"274":{"start":{"line":461,"column":8},"end":{"line":461,"column":15}},"275":{"start":{"line":464,"column":4},"end":{"line":481,"column":7}},"276":{"start":{"line":465,"column":32},"end":{"line":471,"column":7}},"277":{"start":{"line":472,"column":6},"end":{"line":480,"column":9}},"278":{"start":{"line":473,"column":8},"end":{"line":473,"column":36}},"279":{"start":{"line":474,"column":8},"end":{"line":474,"column":27}},"280":{"start":{"line":475,"column":8},"end":{"line":475,"column":39}},"281":{"start":{"line":476,"column":8},"end":{"line":476,"column":49}},"282":{"start":{"line":477,"column":8},"end":{"line":477,"column":47}},"283":{"start":{"line":478,"column":8},"end":{"line":478,"column":66}},"284":{"start":{"line":479,"column":8},"end":{"line":479,"column":15}},"285":{"start":{"line":482,"column":4},"end":{"line":501,"column":7}},"286":{"start":{"line":483,"column":6},"end":{"line":500,"column":9}},"287":{"start":{"line":484,"column":34},"end":{"line":490,"column":9}},"288":{"start":{"line":491,"column":8},"end":{"line":499,"column":11}},"289":{"start":{"line":492,"column":10},"end":{"line":492,"column":38}},"290":{"start":{"line":493,"column":10},"end":{"line":493,"column":29}},"291":{"start":{"line":494,"column":10},"end":{"line":494,"column":41}},"292":{"start":{"line":495,"column":10},"end":{"line":495,"column":49}},"293":{"start":{"line":496,"column":10},"end":{"line":496,"column":51}},"294":{"start":{"line":497,"column":10},"end":{"line":497,"column":93}},"295":{"start":{"line":498,"column":10},"end":{"line":498,"column":17}}},"fnMap":{"0":{"name":"_interopRequireDefault","decl":{"start":{"line":19,"column":9},"end":{"line":19,"column":31}},"loc":{"start":{"line":19,"column":37},"end":{"line":19,"column":95}},"line":19},"1":{"name":"(anonymous_1)","decl":{"start":{"line":24,"column":48},"end":{"line":24,"column":49}},"loc":{"start":{"line":24,"column":60},"end":{"line":503,"column":1}},"line":24},"2":{"name":"(anonymous_2)","decl":{"start":{"line":25,"column":13},"end":{"line":25,"column":14}},"loc":{"start":{"line":25,"column":29},"end":{"line":29,"column":3}},"line":25},"3":{"name":"(anonymous_3)","decl":{"start":{"line":26,"column":43},"end":{"line":26,"column":44}},"loc":{"start":{"line":26,"column":55},"end":{"line":28,"column":5}},"line":26},"4":{"name":"(anonymous_4)","decl":{"start":{"line":30,"column":12},"end":{"line":30,"column":13}},"loc":{"start":{"line":30,"column":28},"end":{"line":34,"column":3}},"line":30},"5":{"name":"(anonymous_5)","decl":{"start":{"line":31,"column":43},"end":{"line":31,"column":44}},"loc":{"start":{"line":31,"column":55},"end":{"line":33,"column":5}},"line":31},"6":{"name":"(anonymous_6)","decl":{"start":{"line":35,"column":30},"end":{"line":35,"column":31}},"loc":{"start":{"line":35,"column":42},"end":{"line":66,"column":3}},"line":35},"7":{"name":"(anonymous_7)","decl":{"start":{"line":36,"column":75},"end":{"line":36,"column":76}},"loc":{"start":{"line":36,"column":91},"end":{"line":65,"column":5}},"line":36},"8":{"name":"(anonymous_8)","decl":{"start":{"line":51,"column":102},"end":{"line":51,"column":103}},"loc":{"start":{"line":51,"column":122},"end":{"line":64,"column":7}},"line":51},"9":{"name":"(anonymous_9)","decl":{"start":{"line":53,"column":107},"end":{"line":53,"column":108}},"loc":{"start":{"line":53,"column":127},"end":{"line":63,"column":9}},"line":53},"10":{"name":"(anonymous_10)","decl":{"start":{"line":67,"column":32},"end":{"line":67,"column":33}},"loc":{"start":{"line":67,"column":44},"end":{"line":502,"column":3}},"line":67},"11":{"name":"(anonymous_11)","decl":{"start":{"line":68,"column":76},"end":{"line":68,"column":77}},"loc":{"start":{"line":68,"column":92},"end":{"line":86,"column":5}},"line":68},"12":{"name":"(anonymous_12)","decl":{"start":{"line":75,"column":102},"end":{"line":75,"column":103}},"loc":{"start":{"line":75,"column":122},"end":{"line":85,"column":7}},"line":75},"13":{"name":"(anonymous_13)","decl":{"start":{"line":87,"column":72},"end":{"line":87,"column":73}},"loc":{"start":{"line":87,"column":88},"end":{"line":106,"column":5}},"line":87},"14":{"name":"(anonymous_14)","decl":{"start":{"line":95,"column":102},"end":{"line":95,"column":103}},"loc":{"start":{"line":95,"column":122},"end":{"line":105,"column":7}},"line":95},"15":{"name":"(anonymous_15)","decl":{"start":{"line":107,"column":86},"end":{"line":107,"column":87}},"loc":{"start":{"line":107,"column":102},"end":{"line":126,"column":5}},"line":107},"16":{"name":"(anonymous_16)","decl":{"start":{"line":115,"column":102},"end":{"line":115,"column":103}},"loc":{"start":{"line":115,"column":122},"end":{"line":125,"column":7}},"line":115},"17":{"name":"(anonymous_17)","decl":{"start":{"line":127,"column":97},"end":{"line":127,"column":98}},"loc":{"start":{"line":127,"column":113},"end":{"line":146,"column":5}},"line":127},"18":{"name":"(anonymous_18)","decl":{"start":{"line":135,"column":102},"end":{"line":135,"column":103}},"loc":{"start":{"line":135,"column":122},"end":{"line":145,"column":7}},"line":135},"19":{"name":"(anonymous_19)","decl":{"start":{"line":147,"column":102},"end":{"line":147,"column":103}},"loc":{"start":{"line":147,"column":118},"end":{"line":166,"column":5}},"line":147},"20":{"name":"(anonymous_20)","decl":{"start":{"line":155,"column":102},"end":{"line":155,"column":103}},"loc":{"start":{"line":155,"column":122},"end":{"line":165,"column":7}},"line":155},"21":{"name":"(anonymous_21)","decl":{"start":{"line":167,"column":75},"end":{"line":167,"column":76}},"loc":{"start":{"line":167,"column":91},"end":{"line":185,"column":5}},"line":167},"22":{"name":"(anonymous_22)","decl":{"start":{"line":174,"column":102},"end":{"line":174,"column":103}},"loc":{"start":{"line":174,"column":122},"end":{"line":184,"column":7}},"line":174},"23":{"name":"(anonymous_23)","decl":{"start":{"line":186,"column":71},"end":{"line":186,"column":72}},"loc":{"start":{"line":186,"column":87},"end":{"line":205,"column":5}},"line":186},"24":{"name":"(anonymous_24)","decl":{"start":{"line":194,"column":102},"end":{"line":194,"column":103}},"loc":{"start":{"line":194,"column":122},"end":{"line":204,"column":7}},"line":194},"25":{"name":"(anonymous_25)","decl":{"start":{"line":206,"column":85},"end":{"line":206,"column":86}},"loc":{"start":{"line":206,"column":101},"end":{"line":225,"column":5}},"line":206},"26":{"name":"(anonymous_26)","decl":{"start":{"line":214,"column":102},"end":{"line":214,"column":103}},"loc":{"start":{"line":214,"column":122},"end":{"line":224,"column":7}},"line":214},"27":{"name":"(anonymous_27)","decl":{"start":{"line":226,"column":96},"end":{"line":226,"column":97}},"loc":{"start":{"line":226,"column":112},"end":{"line":245,"column":5}},"line":226},"28":{"name":"(anonymous_28)","decl":{"start":{"line":234,"column":102},"end":{"line":234,"column":103}},"loc":{"start":{"line":234,"column":122},"end":{"line":244,"column":7}},"line":234},"29":{"name":"(anonymous_29)","decl":{"start":{"line":246,"column":101},"end":{"line":246,"column":102}},"loc":{"start":{"line":246,"column":117},"end":{"line":265,"column":5}},"line":246},"30":{"name":"(anonymous_30)","decl":{"start":{"line":254,"column":102},"end":{"line":254,"column":103}},"loc":{"start":{"line":254,"column":122},"end":{"line":264,"column":7}},"line":254},"31":{"name":"(anonymous_31)","decl":{"start":{"line":266,"column":71},"end":{"line":266,"column":72}},"loc":{"start":{"line":266,"column":87},"end":{"line":284,"column":5}},"line":266},"32":{"name":"(anonymous_32)","decl":{"start":{"line":273,"column":102},"end":{"line":273,"column":103}},"loc":{"start":{"line":273,"column":122},"end":{"line":283,"column":7}},"line":273},"33":{"name":"(anonymous_33)","decl":{"start":{"line":285,"column":67},"end":{"line":285,"column":68}},"loc":{"start":{"line":285,"column":83},"end":{"line":304,"column":5}},"line":285},"34":{"name":"(anonymous_34)","decl":{"start":{"line":293,"column":102},"end":{"line":293,"column":103}},"loc":{"start":{"line":293,"column":122},"end":{"line":303,"column":7}},"line":293},"35":{"name":"(anonymous_35)","decl":{"start":{"line":305,"column":69},"end":{"line":305,"column":70}},"loc":{"start":{"line":305,"column":85},"end":{"line":324,"column":5}},"line":305},"36":{"name":"(anonymous_36)","decl":{"start":{"line":313,"column":102},"end":{"line":313,"column":103}},"loc":{"start":{"line":313,"column":122},"end":{"line":323,"column":7}},"line":313},"37":{"name":"(anonymous_37)","decl":{"start":{"line":325,"column":74},"end":{"line":325,"column":75}},"loc":{"start":{"line":325,"column":90},"end":{"line":343,"column":5}},"line":325},"38":{"name":"(anonymous_38)","decl":{"start":{"line":332,"column":102},"end":{"line":332,"column":103}},"loc":{"start":{"line":332,"column":122},"end":{"line":342,"column":7}},"line":332},"39":{"name":"(anonymous_39)","decl":{"start":{"line":344,"column":70},"end":{"line":344,"column":71}},"loc":{"start":{"line":344,"column":86},"end":{"line":363,"column":5}},"line":344},"40":{"name":"(anonymous_40)","decl":{"start":{"line":352,"column":102},"end":{"line":352,"column":103}},"loc":{"start":{"line":352,"column":122},"end":{"line":362,"column":7}},"line":352},"41":{"name":"(anonymous_41)","decl":{"start":{"line":364,"column":94},"end":{"line":364,"column":95}},"loc":{"start":{"line":364,"column":110},"end":{"line":383,"column":5}},"line":364},"42":{"name":"(anonymous_42)","decl":{"start":{"line":372,"column":102},"end":{"line":372,"column":103}},"loc":{"start":{"line":372,"column":122},"end":{"line":382,"column":7}},"line":372},"43":{"name":"(anonymous_43)","decl":{"start":{"line":384,"column":94},"end":{"line":384,"column":95}},"loc":{"start":{"line":384,"column":110},"end":{"line":403,"column":5}},"line":384},"44":{"name":"(anonymous_44)","decl":{"start":{"line":392,"column":102},"end":{"line":392,"column":103}},"loc":{"start":{"line":392,"column":122},"end":{"line":402,"column":7}},"line":392},"45":{"name":"(anonymous_45)","decl":{"start":{"line":404,"column":83},"end":{"line":404,"column":84}},"loc":{"start":{"line":404,"column":99},"end":{"line":422,"column":5}},"line":404},"46":{"name":"(anonymous_46)","decl":{"start":{"line":411,"column":102},"end":{"line":411,"column":103}},"loc":{"start":{"line":411,"column":122},"end":{"line":421,"column":7}},"line":411},"47":{"name":"(anonymous_47)","decl":{"start":{"line":424,"column":79},"end":{"line":424,"column":80}},"loc":{"start":{"line":424,"column":95},"end":{"line":443,"column":5}},"line":424},"48":{"name":"(anonymous_48)","decl":{"start":{"line":432,"column":102},"end":{"line":432,"column":103}},"loc":{"start":{"line":432,"column":122},"end":{"line":442,"column":7}},"line":432},"49":{"name":"(anonymous_49)","decl":{"start":{"line":444,"column":69},"end":{"line":444,"column":70}},"loc":{"start":{"line":444,"column":85},"end":{"line":463,"column":5}},"line":444},"50":{"name":"(anonymous_50)","decl":{"start":{"line":452,"column":102},"end":{"line":452,"column":103}},"loc":{"start":{"line":452,"column":122},"end":{"line":462,"column":7}},"line":452},"51":{"name":"(anonymous_51)","decl":{"start":{"line":464,"column":66},"end":{"line":464,"column":67}},"loc":{"start":{"line":464,"column":82},"end":{"line":481,"column":5}},"line":464},"52":{"name":"(anonymous_52)","decl":{"start":{"line":472,"column":100},"end":{"line":472,"column":101}},"loc":{"start":{"line":472,"column":120},"end":{"line":480,"column":7}},"line":472},"53":{"name":"(anonymous_53)","decl":{"start":{"line":482,"column":31},"end":{"line":482,"column":32}},"loc":{"start":{"line":482,"column":43},"end":{"line":501,"column":5}},"line":482},"54":{"name":"(anonymous_54)","decl":{"start":{"line":483,"column":69},"end":{"line":483,"column":70}},"loc":{"start":{"line":483,"column":85},"end":{"line":500,"column":7}},"line":483},"55":{"name":"(anonymous_55)","decl":{"start":{"line":491,"column":104},"end":{"line":491,"column":105}},"loc":{"start":{"line":491,"column":124},"end":{"line":499,"column":9}},"line":491}},"branchMap":{"0":{"loc":{"start":{"line":19,"column":46},"end":{"line":19,"column":92}},"type":"cond-expr","locations":[{"start":{"line":19,"column":70},"end":{"line":19,"column":73}},{"start":{"line":19,"column":76},"end":{"line":19,"column":92}}],"line":19},"1":{"loc":{"start":{"line":19,"column":46},"end":{"line":19,"column":67}},"type":"binary-expr","locations":[{"start":{"line":19,"column":46},"end":{"line":19,"column":49}},{"start":{"line":19,"column":53},"end":{"line":19,"column":67}}],"line":19}},"s":{"0":1,"1":1,"2":1,"3":1,"4":1,"5":1,"6":1,"7":1,"8":4,"9":1,"10":1,"11":1,"12":1,"13":23,"14":23,"15":1,"16":23,"17":23,"18":1,"19":1,"20":1,"21":1,"22":1,"23":1,"24":1,"25":1,"26":1,"27":1,"28":1,"29":1,"30":1,"31":1,"32":1,"33":1,"34":1,"35":1,"36":1,"37":1,"38":1,"39":1,"40":1,"41":1,"42":1,"43":1,"44":1,"45":1,"46":1,"47":1,"48":1,"49":1,"50":1,"51":1,"52":1,"53":1,"54":1,"55":1,"56":1,"57":1,"58":1,"59":1,"60":1,"61":1,"62":1,"63":1,"64":1,"65":1,"66":1,"67":1,"68":1,"69":1,"70":1,"71":1,"72":1,"73":1,"74":1,"75":1,"76":1,"77":1,"78":1,"79":1,"80":1,"81":1,"82":1,"83":1,"84":1,"85":1,"86":1,"87":1,"88":1,"89":1,"90":1,"91":1,"92":1,"93":1,"94":1,"95":1,"96":1,"97":1,"98":1,"99":1,"100":1,"101":1,"102":1,"103":1,"104":1,"105":1,"106":1,"107":1,"108":1,"109":1,"110":1,"111":1,"112":1,"113":1,"114":1,"115":1,"116":1,"117":1,"118":1,"119":1,"120":1,"121":1,"122":1,"123":1,"124":1,"125":1,"126":1,"127":1,"128":1,"129":1,"130":1,"131":1,"132":1,"133":1,"134":1,"135":1,"136":1,"137":1,"138":1,"139":1,"140":1,"141":1,"142":1,"143":1,"144":1,"145":1,"146":1,"147":1,"148":1,"149":1,"150":1,"151":1,"152":1,"153":1,"154":1,"155":1,"156":1,"157":1,"158":1,"159":1,"160":1,"161":1,"162":1,"163":1,"164":1,"165":1,"166":1,"167":1,"168":1,"169":1,"170":1,"171":1,"172":1,"173":1,"174":1,"175":1,"176":1,"177":1,"178":1,"179":1,"180":1,"181":1,"182":1,"183":1,"184":1,"185":1,"186":1,"187":1,"188":1,"189":1,"190":1,"191":1,"192":1,"193":1,"194":1,"195":1,"196":1,"197":1,"198":1,"199":1,"200":1,"201":1,"202":1,"203":1,"204":1,"205":1,"206":1,"207":1,"208":1,"209":1,"210":1,"211":1,"212":1,"213":1,"214":1,"215":1,"216":1,"217":1,"218":1,"219":1,"220":1,"221":1,"222":1,"223":1,"224":1,"225":1,"226":1,"227":1,"228":1,"229":1,"230":1,"231":1,"232":1,"233":1,"234":1,"235":1,"236":1,"237":1,"238":1,"239":1,"240":1,"241":1,"242":1,"243":1,"244":1,"245":1,"246":1,"247":1,"248":1,"249":1,"250":1,"251":1,"252":1,"253":1,"254":1,"255":1,"256":1,"257":1,"258":1,"259":1,"260":1,"261":1,"262":1,"263":1,"264":1,"265":1,"266":1,"267":1,"268":1,"269":1,"270":1,"271":1,"272":1,"273":1,"274":1,"275":1,"276":1,"277":1,"278":1,"279":1,"280":1,"281":1,"282":1,"283":1,"284":1,"285":1,"286":1,"287":1,"288":1,"289":1,"290":1,"291":1,"292":1,"293":1,"294":1,"295":1},"f":{"0":4,"1":1,"2":23,"3":23,"4":23,"5":23,"6":1,"7":1,"8":1,"9":1,"10":1,"11":1,"12":1,"13":1,"14":1,"15":1,"16":1,"17":1,"18":1,"19":1,"20":1,"21":1,"22":1,"23":1,"24":1,"25":1,"26":1,"27":1,"28":1,"29":1,"30":1,"31":1,"32":1,"33":1,"34":1,"35":1,"36":1,"37":1,"38":1,"39":1,"40":1,"41":1,"42":1,"43":1,"44":1,"45":1,"46":1,"47":1,"48":1,"49":1,"50":1,"51":1,"52":1,"53":1,"54":1,"55":1},"b":{"0":[2,2],"1":[4,4]},"_coverageSchema":"43e27e138ebf9cfc5966b082cf9a028302ed4184","hash":"e522dcc0f26e9e92bdfd52ea9c5dca092b3e08fb","contentHash":"f53f059f1e5ca1a1c4d5512fb1824c25"}}